{"deviceName":"","devicePlatform":"","logFolder":"C:\\Users\\pratiush.pratik\\Katalon Studio\\TestDesktop\\Reports\\Datafile\\20170829_155441","runData":{"hostName":"Pratiush.Pratik - LTPBAN252219466.corp.mphasis.com","os":"Windows 7 64bit","katalonVersion":"4.7.2.1","browser":"Chrome 60.0.3112.101","hostAddress":"172.17.58.83","sessionId":"35f6fb3727a7e97b88bb9290c9e2557c","seleniumVersion":"2.53.0","proxyInformation":"ProxyInformation{proxyOption\u003dMANUAL_CONFIG, proxyServerType\u003dHTTP, password\u003dTESTing31, proxyServerAddress\u003dorrproxy.mphasis.com, proxyServerPort\u003d8080}","platform":"Windows 7"},"type":"TEST_SUITE","name":"Datafile","id":"Test Suites/Datafile","source":"","message":"Test Cases/launch FAILED because (of) Unable to open browser with url: \u0027\u0027 (Root cause: org.openqa.selenium.WebDriverException: chrome not reachable\n  (Driver info: chromedriver\u003d2.30.477700 (0057494ad8732195794a7b32078424f92a5fce41),platform\u003dWindows NT 6.1.7601 SP1 x86_64) (WARNING: The server did not provide any stacktrace information)\nCommand duration or timeout: 62.42 seconds\nBuild info: version: \u00272.53.0\u0027, revision: \u002735ae25b\u0027, time: \u00272016-03-15 17:00:58\u0027\nSystem info: host: \u0027LTPBAN252219466\u0027, ip: \u0027172.17.58.83\u0027, os.name: \u0027Windows 7\u0027, os.arch: \u0027amd64\u0027, os.version: \u00276.1\u0027, java.version: \u00271.8.0_102\u0027\nDriver info: com.kms.katalon.selenium.driver.CChromeDriver)","description":"from other\\r\\n files","startTime":1504002283631,"endTime":1504002365997,"childRecords":[{"isOptional":false,"type":"TEST_CASE","name":"Test Cases/launch - Iteration 1","id":"Test Cases/launch","source":"C:\\\\Users\\\\pratiush.pratik\\\\Katalon Studio\\\\TestDesktopTest Cases\\\\launch.tc","message":"Test Cases/launch FAILED because (of) Unable to open browser with url: \u0027\u0027 (Root cause: org.openqa.selenium.WebDriverException: chrome not reachable\n  (Driver info: chromedriver\u003d2.30.477700 (0057494ad8732195794a7b32078424f92a5fce41),platform\u003dWindows NT 6.1.7601 SP1 x86_64) (WARNING: The server did not provide any stacktrace information)\nCommand duration or timeout: 62.42 seconds\nBuild info: version: \u00272.53.0\u0027, revision: \u002735ae25b\u0027, time: \u00272016-03-15 17:00:58\u0027\nSystem info: host: \u0027LTPBAN252219466\u0027, ip: \u0027172.17.58.83\u0027, os.name: \u0027Windows 7\u0027, os.arch: \u0027amd64\u0027, os.version: \u00276.1\u0027, java.version: \u00271.8.0_102\u0027\nDriver info: com.kms.katalon.selenium.driver.CChromeDriver)","description":"launch paytm","startTime":1504002284060,"endTime":1504002349342,"childRecords":[{"testStatus":{"stackTrace":"","statusValue":"INFO"},"type":"MESSAGE","name":"","message":"Evaluating variables for test case","startTime":1504002284259,"endTime":0,"childRecords":[],"interuppted":false},{"testStatus":{"stackTrace":"","statusValue":"INFO"},"type":"MESSAGE","name":"","message":"Variable \u0027variable\u0027 is set to 9620971262","startTime":1504002284336,"endTime":0,"childRecords":[],"interuppted":false},{"index":1,"isIgnoredIfFailed":false,"type":"TEST_STEP","name":"openBrowser","message":"Unable to open browser with url: \u0027\u0027 (Root cause: org.openqa.selenium.WebDriverException: chrome not reachable\n  (Driver info: chromedriver\u003d2.30.477700 (0057494ad8732195794a7b32078424f92a5fce41),platform\u003dWindows NT 6.1.7601 SP1 x86_64) (WARNING: The server did not provide any stacktrace information)\nCommand duration or timeout: 62.42 seconds\nBuild info: version: \u00272.53.0\u0027, revision: \u002735ae25b\u0027, time: \u00272016-03-15 17:00:58\u0027\nSystem info: host: \u0027LTPBAN252219466\u0027, ip: \u0027172.17.58.83\u0027, os.name: \u0027Windows 7\u0027, os.arch: \u0027amd64\u0027, os.version: \u00276.1\u0027, java.version: \u00271.8.0_102\u0027\nDriver info: com.kms.katalon.selenium.driver.CChromeDriver)","description":"","startTime":1504002284756,"endTime":1504002349341,"childRecords":[{"testStatus":{"stackTrace":"","statusValue":"FAILED"},"type":"MESSAGE","name":"","message":"Unable to open browser with url: \u0027\u0027 (Root cause: org.openqa.selenium.WebDriverException: chrome not reachable\n  (Driver info: chromedriver\u003d2.30.477700 (0057494ad8732195794a7b32078424f92a5fce41),platform\u003dWindows NT 6.1.7601 SP1 x86_64) (WARNING: The server did not provide any stacktrace information)\nCommand duration or timeout: 62.42 seconds\nBuild info: version: \u00272.53.0\u0027, revision: \u002735ae25b\u0027, time: \u00272016-03-15 17:00:58\u0027\nSystem info: host: \u0027LTPBAN252219466\u0027, ip: \u0027172.17.58.83\u0027, os.name: \u0027Windows 7\u0027, os.arch: \u0027amd64\u0027, os.version: \u00276.1\u0027, java.version: \u00271.8.0_102\u0027\nDriver info: com.kms.katalon.selenium.driver.CChromeDriver)","startTime":1504002349341,"endTime":0,"childRecords":[],"interuppted":false}],"interuppted":false},{"testStatus":{"stackTrace":"","statusValue":"FAILED"},"type":"MESSAGE","name":"","message":"Test Cases/launch FAILED because (of) Unable to open browser with url: \u0027\u0027 (Root cause: org.openqa.selenium.WebDriverException: chrome not reachable\n  (Driver info: chromedriver\u003d2.30.477700 (0057494ad8732195794a7b32078424f92a5fce41),platform\u003dWindows NT 6.1.7601 SP1 x86_64) (WARNING: The server did not provide any stacktrace information)\nCommand duration or timeout: 62.42 seconds\nBuild info: version: \u00272.53.0\u0027, revision: \u002735ae25b\u0027, time: \u00272016-03-15 17:00:58\u0027\nSystem info: host: \u0027LTPBAN252219466\u0027, ip: \u0027172.17.58.83\u0027, os.name: \u0027Windows 7\u0027, os.arch: \u0027amd64\u0027, os.version: \u00276.1\u0027, java.version: \u00271.8.0_102\u0027\nDriver info: com.kms.katalon.selenium.driver.CChromeDriver)","startTime":1504002349341,"endTime":0,"childRecords":[],"interuppted":false}],"interuppted":false},{"isOptional":false,"type":"TEST_CASE","name":"Test Cases/launch - Iteration 2","id":"Test Cases/launch","source":"C:\\\\Users\\\\pratiush.pratik\\\\Katalon Studio\\\\TestDesktopTest Cases\\\\launch.tc","message":"Test Cases/launch","description":"launch paytm","startTime":1504002349423,"endTime":1504002365938,"childRecords":[{"testStatus":{"stackTrace":"","statusValue":"INFO"},"type":"MESSAGE","name":"","message":"Evaluating variables for test case","startTime":1504002349424,"endTime":0,"childRecords":[],"interuppted":false},{"testStatus":{"stackTrace":"","statusValue":"INFO"},"type":"MESSAGE","name":"","message":"Variable \u0027variable\u0027 is set to 9884656456","startTime":1504002349424,"endTime":0,"childRecords":[],"interuppted":false},{"index":1,"isIgnoredIfFailed":false,"type":"TEST_STEP","name":"openBrowser","message":"Browser is opened with url: \u0027\u0027","description":"","startTime":1504002349424,"endTime":1504002353499,"childRecords":[{"testStatus":{"stackTrace":"","statusValue":"PASSED"},"type":"MESSAGE","name":"","message":"Browser is opened with url: \u0027\u0027","startTime":1504002353498,"endTime":0,"childRecords":[],"interuppted":false}],"interuppted":false},{"index":2,"isIgnoredIfFailed":false,"type":"TEST_STEP","name":"Statement - Mob \u003d com.kms.katalon.core.testdata.TestDataFactory.findTestData(test).getValue(\"Mobile\", 2)","message":"Reading excel file with source file \u0027C:\\Users\\pratiush.pratik\\Katalon Studio\\TestDesktop\\Data Files\\TEST.xlsx\u0027 and sheet name \u0027Paytm\u0027","description":"","startTime":1504002353500,"endTime":1504002354653,"childRecords":[],"interuppted":false},{"index":3,"isIgnoredIfFailed":false,"type":"TEST_STEP","name":"maximizeWindow","message":"Current window maximized","description":"","startTime":1504002354654,"endTime":1504002356156,"childRecords":[{"testStatus":{"stackTrace":"","statusValue":"PASSED"},"type":"MESSAGE","name":"","message":"Current window maximized","startTime":1504002356155,"endTime":0,"childRecords":[],"interuppted":false}],"interuppted":false},{"index":4,"isIgnoredIfFailed":false,"type":"TEST_STEP","name":"navigateToUrl","message":"Navigate to \u0027https://paytm.com/\u0027 successfully","description":"","startTime":1504002356157,"endTime":1504002359212,"childRecords":[{"testStatus":{"stackTrace":"","statusValue":"PASSED"},"type":"MESSAGE","name":"","message":"Navigate to \u0027https://paytm.com/\u0027 successfully","startTime":1504002359212,"endTime":0,"childRecords":[],"interuppted":false}],"interuppted":false},{"index":5,"isIgnoredIfFailed":false,"type":"TEST_STEP","name":"setText","message":"Text \u00279884656456\u0027 is set on object \u0027Object Repository/Page_Paytm.com  Digital  Utility Pa/input\u0027","description":"","startTime":1504002359213,"endTime":1504002361699,"childRecords":[{"testStatus":{"stackTrace":"","statusValue":"PASSED"},"type":"MESSAGE","name":"","message":"Text \u00279884656456\u0027 is set on object \u0027Object Repository/Page_Paytm.com  Digital  Utility Pa/input\u0027","startTime":1504002361698,"endTime":0,"childRecords":[],"interuppted":false}],"interuppted":false},{"index":6,"isIgnoredIfFailed":false,"type":"TEST_STEP","name":"click","message":"Object: \u0027Object Repository/Page_Paytm.com  Digital  Utility Pa/div_Fast Forward\u0027 is clicked on","description":"","startTime":1504002361699,"endTime":1504002363206,"childRecords":[{"testStatus":{"stackTrace":"","statusValue":"PASSED"},"type":"MESSAGE","name":"","message":"Object: \u0027Object Repository/Page_Paytm.com  Digital  Utility Pa/div_Fast Forward\u0027 is clicked on","startTime":1504002363205,"endTime":0,"childRecords":[],"interuppted":false}],"interuppted":false},{"index":7,"isIgnoredIfFailed":false,"type":"TEST_STEP","name":"click","message":"Object: \u0027Object Repository/Page_Paytm.com  Digital  Utility Pa/button_Proceed to Recharge\u0027 is clicked on","description":"","startTime":1504002363206,"endTime":1504002363662,"childRecords":[{"testStatus":{"stackTrace":"","statusValue":"PASSED"},"type":"MESSAGE","name":"","message":"Object: \u0027Object Repository/Page_Paytm.com  Digital  Utility Pa/button_Proceed to Recharge\u0027 is clicked on","startTime":1504002363661,"endTime":0,"childRecords":[],"interuppted":false}],"interuppted":false},{"index":8,"isIgnoredIfFailed":false,"type":"TEST_STEP","name":"verifyTextPresent","message":"Text \u0027Please enter an amount\u0027 is present on page  using regular expression","description":"","startTime":1504002363662,"endTime":1504002364390,"childRecords":[{"testStatus":{"stackTrace":"","statusValue":"PASSED"},"type":"MESSAGE","name":"","message":"Text \u0027Please enter an amount\u0027 is present on page  using regular expression","startTime":1504002364390,"endTime":0,"childRecords":[],"interuppted":false}],"interuppted":false},{"index":9,"isIgnoredIfFailed":false,"type":"TEST_STEP","name":"closeBrowser","message":"Browser is closed","description":"","startTime":1504002364391,"endTime":1504002365936,"childRecords":[{"testStatus":{"stackTrace":"","statusValue":"PASSED"},"type":"MESSAGE","name":"","message":"Browser is closed","startTime":1504002365935,"endTime":0,"childRecords":[],"interuppted":false}],"interuppted":false},{"testStatus":{"stackTrace":"","statusValue":"PASSED"},"type":"MESSAGE","name":"","message":"Test Cases/launch","startTime":1504002365937,"endTime":0,"childRecords":[],"interuppted":false}],"interuppted":false}],"interuppted":false}