{"deviceName":"","devicePlatform":"","logFolder":"C:\\Users\\pratiush.pratik\\Katalon Studio\\TestDesktop\\Reports\\WebTest E commerce\\20170829_152409","runData":{"hostName":"Pratiush.Pratik - LTPBAN252219466.corp.mphasis.com","os":"Windows 7 64bit","katalonVersion":"4.7.2.1","browser":"Chrome 60.0.3112.101","hostAddress":"172.17.58.83","sessionId":"e095d87ebfe9b77f945d0b5d2eaabac8","seleniumVersion":"2.53.0","proxyInformation":"ProxyInformation{proxyOption\u003dMANUAL_CONFIG, proxyServerType\u003dHTTP, password\u003dTESTing31, proxyServerAddress\u003dorrproxy.mphasis.com, proxyServerPort\u003d8080}","platform":"Windows 7"},"type":"TEST_SUITE","name":"WebTest E commerce","id":"Test Suites/WebTest E commerce","source":"","message":"Test Cases/launch FAILED because (of) Unable to click on object \u0027Object Repository/Page_Paytm.com  Digital  Utility Pa/div_Fast Forward\u0027 (Root cause: org.openqa.selenium.StaleElementReferenceException: stale element reference: element is not attached to the page document\n  (Session info: chrome\u003d60.0.3112.101)\n  (Driver info: chromedriver\u003d2.30.477700 (0057494ad8732195794a7b32078424f92a5fce41),platform\u003dWindows NT 6.1.7601 SP1 x86_64) (WARNING: The server did not provide any stacktrace information)\nCommand duration or timeout: 114 milliseconds\nFor documentation on this error, please visit: http://seleniumhq.org/exceptions/stale_element_reference.html\nBuild info: version: \u00272.53.0\u0027, revision: \u002735ae25b\u0027, time: \u00272016-03-15 17:00:58\u0027\nSystem info: host: \u0027LTPBAN252219466\u0027, ip: \u0027172.17.58.83\u0027, os.name: \u0027Windows 7\u0027, os.arch: \u0027amd64\u0027, os.version: \u00276.1\u0027, java.version: \u00271.8.0_102\u0027\nDriver info: com.kms.katalon.selenium.driver.CChromeDriver\nCapabilities [{applicationCacheEnabled\u003dfalse, rotatable\u003dfalse, mobileEmulationEnabled\u003dfalse, networkConnectionEnabled\u003dfalse, chrome\u003d{chromedriverVersion\u003d2.30.477700 (0057494ad8732195794a7b32078424f92a5fce41), userDataDir\u003dC:\\Users\\PRATIU~1.PRA\\AppData\\Local\\Temp\\scoped_dir8760_19934}, takesHeapSnapshot\u003dtrue, pageLoadStrategy\u003dnormal, databaseEnabled\u003dfalse, handlesAlerts\u003dtrue, hasTouchScreen\u003dfalse, version\u003d60.0.3112.101, platform\u003dXP, browserConnectionEnabled\u003dfalse, nativeEvents\u003dtrue, acceptSslCerts\u003dtrue, locationContextEnabled\u003dtrue, webStorageEnabled\u003dtrue, browserName\u003dchrome, takesScreenshot\u003dtrue, javascriptEnabled\u003dtrue, cssSelectorsEnabled\u003dtrue, unexpectedAlertBehaviour\u003d}]\nSession ID: e095d87ebfe9b77f945d0b5d2eaabac8)","description":"","startTime":1504000458587,"endTime":1504000544216,"childRecords":[{"isOptional":false,"type":"TEST_CASE","name":"Test Cases/google","id":"Test Cases/google","source":"C:\\\\Users\\\\pratiush.pratik\\\\Katalon Studio\\\\TestDesktopTest Cases\\\\google.tc","message":"Test Cases/google","description":"","startTime":1504000459151,"endTime":1504000528653,"childRecords":[{"testStatus":{"stackTrace":"","statusValue":"INFO"},"type":"MESSAGE","name":"","message":"Evaluating variables for test case","startTime":1504000459586,"endTime":0,"childRecords":[],"interuppted":false},{"index":1,"isIgnoredIfFailed":false,"type":"TEST_STEP","name":"openBrowser","message":"Browser is opened with url: \u0027\u0027","description":"","startTime":1504000460090,"endTime":1504000473258,"childRecords":[{"testStatus":{"stackTrace":"","statusValue":"PASSED"},"type":"MESSAGE","name":"","message":"Browser is opened with url: \u0027\u0027","startTime":1504000473258,"endTime":0,"childRecords":[],"interuppted":false}],"interuppted":false},{"index":2,"isIgnoredIfFailed":false,"type":"TEST_STEP","name":"navigateToUrl","message":"Navigate to \u0027https://www.google.co.in/?gws_rd\u003dssl\u0027 successfully","description":"","startTime":1504000473258,"endTime":1504000476874,"childRecords":[{"testStatus":{"stackTrace":"","statusValue":"PASSED"},"type":"MESSAGE","name":"","message":"Navigate to \u0027https://www.google.co.in/?gws_rd\u003dssl\u0027 successfully","startTime":1504000476873,"endTime":0,"childRecords":[],"interuppted":false}],"interuppted":false},{"index":3,"isIgnoredIfFailed":false,"type":"TEST_STEP","name":"maximizeWindow","message":"Current window maximized","description":"","startTime":1504000476875,"endTime":1504000478396,"childRecords":[{"testStatus":{"stackTrace":"","statusValue":"PASSED"},"type":"MESSAGE","name":"","message":"Current window maximized","startTime":1504000478395,"endTime":0,"childRecords":[],"interuppted":false}],"interuppted":false},{"index":4,"isIgnoredIfFailed":false,"type":"TEST_STEP","name":"click","message":"Object: \u0027Object Repository/Page_Google/input_q\u0027 is clicked on","description":"","startTime":1504000478396,"endTime":1504000478769,"childRecords":[{"testStatus":{"stackTrace":"","statusValue":"PASSED"},"type":"MESSAGE","name":"","message":"Object: \u0027Object Repository/Page_Google/input_q\u0027 is clicked on","startTime":1504000478768,"endTime":0,"childRecords":[],"interuppted":false}],"interuppted":false},{"index":5,"isIgnoredIfFailed":false,"type":"TEST_STEP","name":"sendKeys","message":"Keys \u0027paytm\u0027 sent to object: \u0027Object Repository/Page_Google/input_q\u0027","description":"","startTime":1504000478769,"endTime":1504000479153,"childRecords":[{"testStatus":{"stackTrace":"","statusValue":"PASSED"},"type":"MESSAGE","name":"","message":"Keys \u0027paytm\u0027 sent to object: \u0027Object Repository/Page_Google/input_q\u0027","startTime":1504000479153,"endTime":0,"childRecords":[],"interuppted":false}],"interuppted":false},{"index":6,"isIgnoredIfFailed":false,"type":"TEST_STEP","name":"submit","message":"The form containing object: \u0027Object Repository/Page_Google/input_q\u0027 is submitted","description":"","startTime":1504000479154,"endTime":1504000480725,"childRecords":[{"testStatus":{"stackTrace":"","statusValue":"PASSED"},"type":"MESSAGE","name":"","message":"The form containing object: \u0027Object Repository/Page_Google/input_q\u0027 is submitted","startTime":1504000480724,"endTime":0,"childRecords":[],"interuppted":false}],"interuppted":false},{"index":7,"isIgnoredIfFailed":false,"type":"TEST_STEP","name":"click","message":"Object: \u0027Object Repository/Page_paytm - Google Search/a_Paytm.com  Digital  Utility\u0027 is clicked on","description":"","startTime":1504000480730,"endTime":1504000483302,"childRecords":[{"testStatus":{"stackTrace":"","statusValue":"PASSED"},"type":"MESSAGE","name":"","message":"Object: \u0027Object Repository/Page_paytm - Google Search/a_Paytm.com  Digital  Utility\u0027 is clicked on","startTime":1504000483301,"endTime":0,"childRecords":[],"interuppted":false}],"interuppted":false},{"index":8,"isIgnoredIfFailed":false,"type":"TEST_STEP","name":"setText","message":"Text \u00279620971262\u0027 is set on object \u0027Object Repository/Page_Paytm.com  Digital  Utility Pa/input\u0027","description":"","startTime":1504000483303,"endTime":1504000519378,"childRecords":[{"testStatus":{"stackTrace":"","statusValue":"PASSED"},"type":"MESSAGE","name":"","message":"Text \u00279620971262\u0027 is set on object \u0027Object Repository/Page_Paytm.com  Digital  Utility Pa/input\u0027","startTime":1504000519377,"endTime":0,"childRecords":[],"interuppted":false}],"interuppted":false},{"index":9,"isIgnoredIfFailed":false,"type":"TEST_STEP","name":"click","message":"Object: \u0027Object Repository/Page_Paytm.com  Digital  Utility Pa/button_Proceed to Recharge\u0027 is clicked on","description":"","startTime":1504000519379,"endTime":1504000525678,"childRecords":[{"testStatus":{"stackTrace":"","statusValue":"PASSED"},"type":"MESSAGE","name":"","message":"Object: \u0027Object Repository/Page_Paytm.com  Digital  Utility Pa/button_Proceed to Recharge\u0027 is clicked on","startTime":1504000525677,"endTime":0,"childRecords":[],"interuppted":false}],"interuppted":false},{"index":10,"isIgnoredIfFailed":false,"type":"TEST_STEP","name":"verifyTextPresent","message":"Text \u0027Please enter an amount\u0027 is present on page  using regular expression","description":"","startTime":1504000525678,"endTime":1504000526623,"childRecords":[{"testStatus":{"stackTrace":"","statusValue":"PASSED"},"type":"MESSAGE","name":"","message":"Text \u0027Please enter an amount\u0027 is present on page  using regular expression","startTime":1504000526622,"endTime":0,"childRecords":[],"interuppted":false}],"interuppted":false},{"index":11,"isIgnoredIfFailed":false,"type":"TEST_STEP","name":"closeBrowser","message":"Browser is closed","description":"","startTime":1504000526623,"endTime":1504000528648,"childRecords":[{"testStatus":{"stackTrace":"","statusValue":"PASSED"},"type":"MESSAGE","name":"","message":"Browser is closed","startTime":1504000528647,"endTime":0,"childRecords":[],"interuppted":false}],"interuppted":false},{"testStatus":{"stackTrace":"","statusValue":"PASSED"},"type":"MESSAGE","name":"","message":"Test Cases/google","startTime":1504000528649,"endTime":0,"childRecords":[],"interuppted":false}],"interuppted":false},{"isOptional":false,"type":"TEST_CASE","name":"Test Cases/launch","id":"Test Cases/launch","source":"C:\\\\Users\\\\pratiush.pratik\\\\Katalon Studio\\\\TestDesktopTest Cases\\\\launch.tc","message":"Test Cases/launch FAILED because (of) Unable to click on object \u0027Object Repository/Page_Paytm.com  Digital  Utility Pa/div_Fast Forward\u0027 (Root cause: org.openqa.selenium.StaleElementReferenceException: stale element reference: element is not attached to the page document\n  (Session info: chrome\u003d60.0.3112.101)\n  (Driver info: chromedriver\u003d2.30.477700 (0057494ad8732195794a7b32078424f92a5fce41),platform\u003dWindows NT 6.1.7601 SP1 x86_64) (WARNING: The server did not provide any stacktrace information)\nCommand duration or timeout: 114 milliseconds\nFor documentation on this error, please visit: http://seleniumhq.org/exceptions/stale_element_reference.html\nBuild info: version: \u00272.53.0\u0027, revision: \u002735ae25b\u0027, time: \u00272016-03-15 17:00:58\u0027\nSystem info: host: \u0027LTPBAN252219466\u0027, ip: \u0027172.17.58.83\u0027, os.name: \u0027Windows 7\u0027, os.arch: \u0027amd64\u0027, os.version: \u00276.1\u0027, java.version: \u00271.8.0_102\u0027\nDriver info: com.kms.katalon.selenium.driver.CChromeDriver\nCapabilities [{applicationCacheEnabled\u003dfalse, rotatable\u003dfalse, mobileEmulationEnabled\u003dfalse, networkConnectionEnabled\u003dfalse, chrome\u003d{chromedriverVersion\u003d2.30.477700 (0057494ad8732195794a7b32078424f92a5fce41), userDataDir\u003dC:\\Users\\PRATIU~1.PRA\\AppData\\Local\\Temp\\scoped_dir8760_19934}, takesHeapSnapshot\u003dtrue, pageLoadStrategy\u003dnormal, databaseEnabled\u003dfalse, handlesAlerts\u003dtrue, hasTouchScreen\u003dfalse, version\u003d60.0.3112.101, platform\u003dXP, browserConnectionEnabled\u003dfalse, nativeEvents\u003dtrue, acceptSslCerts\u003dtrue, locationContextEnabled\u003dtrue, webStorageEnabled\u003dtrue, browserName\u003dchrome, takesScreenshot\u003dtrue, javascriptEnabled\u003dtrue, cssSelectorsEnabled\u003dtrue, unexpectedAlertBehaviour\u003d}]\nSession ID: e095d87ebfe9b77f945d0b5d2eaabac8)","description":"launch paytm","startTime":1504000528726,"endTime":1504000542466,"childRecords":[{"testStatus":{"stackTrace":"","statusValue":"INFO"},"type":"MESSAGE","name":"","message":"Evaluating variables for test case","startTime":1504000528726,"endTime":0,"childRecords":[],"interuppted":false},{"index":1,"isIgnoredIfFailed":false,"type":"TEST_STEP","name":"openBrowser","message":"Browser is opened with url: \u0027\u0027","description":"","startTime":1504000528990,"endTime":1504000532848,"childRecords":[{"testStatus":{"stackTrace":"","statusValue":"PASSED"},"type":"MESSAGE","name":"","message":"Browser is opened with url: \u0027\u0027","startTime":1504000532847,"endTime":0,"childRecords":[],"interuppted":false}],"interuppted":false},{"index":2,"isIgnoredIfFailed":false,"type":"TEST_STEP","name":"Statement - Mob \u003d com.kms.katalon.core.testdata.TestDataFactory.findTestData(test).getValue(\"Mobile\", 2)","message":"Reading excel file with source file \u0027C:\\Users\\pratiush.pratik\\Katalon Studio\\TestDesktop\\Data Files\\TEST.xlsx\u0027 and sheet name \u0027Paytm\u0027","description":"","startTime":1504000532848,"endTime":1504000534586,"childRecords":[],"interuppted":false},{"index":3,"isIgnoredIfFailed":false,"type":"TEST_STEP","name":"maximizeWindow","message":"Current window maximized","description":"","startTime":1504000534587,"endTime":1504000536002,"childRecords":[{"testStatus":{"stackTrace":"","statusValue":"PASSED"},"type":"MESSAGE","name":"","message":"Current window maximized","startTime":1504000536001,"endTime":0,"childRecords":[],"interuppted":false}],"interuppted":false},{"index":4,"isIgnoredIfFailed":false,"type":"TEST_STEP","name":"navigateToUrl","message":"Navigate to \u0027https://paytm.com/\u0027 successfully","description":"","startTime":1504000536002,"endTime":1504000540265,"childRecords":[{"testStatus":{"stackTrace":"","statusValue":"PASSED"},"type":"MESSAGE","name":"","message":"Navigate to \u0027https://paytm.com/\u0027 successfully","startTime":1504000540264,"endTime":0,"childRecords":[],"interuppted":false}],"interuppted":false},{"index":5,"isIgnoredIfFailed":false,"type":"TEST_STEP","name":"setText","message":"Text \u00279884656456\u0027 is set on object \u0027Object Repository/Page_Paytm.com  Digital  Utility Pa/input\u0027","description":"","startTime":1504000540265,"endTime":1504000540713,"childRecords":[{"testStatus":{"stackTrace":"","statusValue":"PASSED"},"type":"MESSAGE","name":"","message":"Text \u00279884656456\u0027 is set on object \u0027Object Repository/Page_Paytm.com  Digital  Utility Pa/input\u0027","startTime":1504000540713,"endTime":0,"childRecords":[],"interuppted":false}],"interuppted":false},{"attachment":"1504000542032.png","index":6,"isIgnoredIfFailed":false,"type":"TEST_STEP","name":"click","message":"Unable to click on object \u0027Object Repository/Page_Paytm.com  Digital  Utility Pa/div_Fast Forward\u0027 (Root cause: org.openqa.selenium.StaleElementReferenceException: stale element reference: element is not attached to the page document\n  (Session info: chrome\u003d60.0.3112.101)\n  (Driver info: chromedriver\u003d2.30.477700 (0057494ad8732195794a7b32078424f92a5fce41),platform\u003dWindows NT 6.1.7601 SP1 x86_64) (WARNING: The server did not provide any stacktrace information)\nCommand duration or timeout: 114 milliseconds\nFor documentation on this error, please visit: http://seleniumhq.org/exceptions/stale_element_reference.html\nBuild info: version: \u00272.53.0\u0027, revision: \u002735ae25b\u0027, time: \u00272016-03-15 17:00:58\u0027\nSystem info: host: \u0027LTPBAN252219466\u0027, ip: \u0027172.17.58.83\u0027, os.name: \u0027Windows 7\u0027, os.arch: \u0027amd64\u0027, os.version: \u00276.1\u0027, java.version: \u00271.8.0_102\u0027\nDriver info: com.kms.katalon.selenium.driver.CChromeDriver\nCapabilities [{applicationCacheEnabled\u003dfalse, rotatable\u003dfalse, mobileEmulationEnabled\u003dfalse, networkConnectionEnabled\u003dfalse, chrome\u003d{chromedriverVersion\u003d2.30.477700 (0057494ad8732195794a7b32078424f92a5fce41), userDataDir\u003dC:\\Users\\PRATIU~1.PRA\\AppData\\Local\\Temp\\scoped_dir8760_19934}, takesHeapSnapshot\u003dtrue, pageLoadStrategy\u003dnormal, databaseEnabled\u003dfalse, handlesAlerts\u003dtrue, hasTouchScreen\u003dfalse, version\u003d60.0.3112.101, platform\u003dXP, browserConnectionEnabled\u003dfalse, nativeEvents\u003dtrue, acceptSslCerts\u003dtrue, locationContextEnabled\u003dtrue, webStorageEnabled\u003dtrue, browserName\u003dchrome, takesScreenshot\u003dtrue, javascriptEnabled\u003dtrue, cssSelectorsEnabled\u003dtrue, unexpectedAlertBehaviour\u003d}]\nSession ID: e095d87ebfe9b77f945d0b5d2eaabac8)","description":"","startTime":1504000540714,"endTime":1504000542459,"childRecords":[{"testStatus":{"stackTrace":"","statusValue":"FAILED"},"attachment":"1504000542032.png","type":"MESSAGE","name":"","message":"Unable to click on object \u0027Object Repository/Page_Paytm.com  Digital  Utility Pa/div_Fast Forward\u0027 (Root cause: org.openqa.selenium.StaleElementReferenceException: stale element reference: element is not attached to the page document\n  (Session info: chrome\u003d60.0.3112.101)\n  (Driver info: chromedriver\u003d2.30.477700 (0057494ad8732195794a7b32078424f92a5fce41),platform\u003dWindows NT 6.1.7601 SP1 x86_64) (WARNING: The server did not provide any stacktrace information)\nCommand duration or timeout: 114 milliseconds\nFor documentation on this error, please visit: http://seleniumhq.org/exceptions/stale_element_reference.html\nBuild info: version: \u00272.53.0\u0027, revision: \u002735ae25b\u0027, time: \u00272016-03-15 17:00:58\u0027\nSystem info: host: \u0027LTPBAN252219466\u0027, ip: \u0027172.17.58.83\u0027, os.name: \u0027Windows 7\u0027, os.arch: \u0027amd64\u0027, os.version: \u00276.1\u0027, java.version: \u00271.8.0_102\u0027\nDriver info: com.kms.katalon.selenium.driver.CChromeDriver\nCapabilities [{applicationCacheEnabled\u003dfalse, rotatable\u003dfalse, mobileEmulationEnabled\u003dfalse, networkConnectionEnabled\u003dfalse, chrome\u003d{chromedriverVersion\u003d2.30.477700 (0057494ad8732195794a7b32078424f92a5fce41), userDataDir\u003dC:\\Users\\PRATIU~1.PRA\\AppData\\Local\\Temp\\scoped_dir8760_19934}, takesHeapSnapshot\u003dtrue, pageLoadStrategy\u003dnormal, databaseEnabled\u003dfalse, handlesAlerts\u003dtrue, hasTouchScreen\u003dfalse, version\u003d60.0.3112.101, platform\u003dXP, browserConnectionEnabled\u003dfalse, nativeEvents\u003dtrue, acceptSslCerts\u003dtrue, locationContextEnabled\u003dtrue, webStorageEnabled\u003dtrue, browserName\u003dchrome, takesScreenshot\u003dtrue, javascriptEnabled\u003dtrue, cssSelectorsEnabled\u003dtrue, unexpectedAlertBehaviour\u003d}]\nSession ID: e095d87ebfe9b77f945d0b5d2eaabac8)","startTime":1504000542457,"endTime":0,"childRecords":[],"interuppted":false}],"interuppted":false},{"testStatus":{"stackTrace":"","statusValue":"FAILED"},"type":"MESSAGE","name":"","message":"Test Cases/launch FAILED because (of) Unable to click on object \u0027Object Repository/Page_Paytm.com  Digital  Utility Pa/div_Fast Forward\u0027 (Root cause: org.openqa.selenium.StaleElementReferenceException: stale element reference: element is not attached to the page document\n  (Session info: chrome\u003d60.0.3112.101)\n  (Driver info: chromedriver\u003d2.30.477700 (0057494ad8732195794a7b32078424f92a5fce41),platform\u003dWindows NT 6.1.7601 SP1 x86_64) (WARNING: The server did not provide any stacktrace information)\nCommand duration or timeout: 114 milliseconds\nFor documentation on this error, please visit: http://seleniumhq.org/exceptions/stale_element_reference.html\nBuild info: version: \u00272.53.0\u0027, revision: \u002735ae25b\u0027, time: \u00272016-03-15 17:00:58\u0027\nSystem info: host: \u0027LTPBAN252219466\u0027, ip: \u0027172.17.58.83\u0027, os.name: \u0027Windows 7\u0027, os.arch: \u0027amd64\u0027, os.version: \u00276.1\u0027, java.version: \u00271.8.0_102\u0027\nDriver info: com.kms.katalon.selenium.driver.CChromeDriver\nCapabilities [{applicationCacheEnabled\u003dfalse, rotatable\u003dfalse, mobileEmulationEnabled\u003dfalse, networkConnectionEnabled\u003dfalse, chrome\u003d{chromedriverVersion\u003d2.30.477700 (0057494ad8732195794a7b32078424f92a5fce41), userDataDir\u003dC:\\Users\\PRATIU~1.PRA\\AppData\\Local\\Temp\\scoped_dir8760_19934}, takesHeapSnapshot\u003dtrue, pageLoadStrategy\u003dnormal, databaseEnabled\u003dfalse, handlesAlerts\u003dtrue, hasTouchScreen\u003dfalse, version\u003d60.0.3112.101, platform\u003dXP, browserConnectionEnabled\u003dfalse, nativeEvents\u003dtrue, acceptSslCerts\u003dtrue, locationContextEnabled\u003dtrue, webStorageEnabled\u003dtrue, browserName\u003dchrome, takesScreenshot\u003dtrue, javascriptEnabled\u003dtrue, cssSelectorsEnabled\u003dtrue, unexpectedAlertBehaviour\u003d}]\nSession ID: e095d87ebfe9b77f945d0b5d2eaabac8)","startTime":1504000542460,"endTime":0,"childRecords":[],"interuppted":false}],"interuppted":false}],"interuppted":false}