<?xml version="1.0" encoding="UTF-8"?>
<testsuites name="WebTest E commerce" time="87" tests="1" failures="1" errors="0">
   <testsuite name="WebTest E commerce" tests="1" failures="1" errors="0" time="87" timestamp="2017-08-26 17:32:48" hostname="Pratiush.Pratik - LTPBAN252219466.corp.mphasis.com" id="Test Suites/WebTest E commerce">
      <properties>
         <property name="deviceName" value=""/>
         <property name="devicePlatform" value=""/>
         <property name="logFolder" value="C:\\Users\\pratiush.pratik\\Katalon Studio\\TestDesktop\\Reports\\WebTest E commerce\\20170826_173241"/>
         <property name="logFiles" value="C:\\Users\\pratiush.pratik\\Katalon Studio\\TestDesktop\\Reports\\WebTest E commerce\\20170826_173241\\execution0.log"/>
         <property name="attachments" value="C:\\Users\\pratiush.pratik\\Katalon Studio\\TestDesktop\\Reports\\WebTest E commerce\\20170826_173241\\1503749025234.png"/>
         <property name="hostName" value="Pratiush.Pratik - LTPBAN252219466.corp.mphasis.com"/>
         <property name="os" value="Windows 7 64bit"/>
         <property name="katalonVersion" value="4.7.2.1"/>
         <property name="browser" value="Firefox 55.0"/>
         <property name="hostAddress" value="192.168.1.4"/>
         <property name="sessionId" value="e226d113-c905-43e7-bbdf-731ff557fc26"/>
         <property name="seleniumVersion" value="2.53.0"/>
         <property name="proxyInformation" value="ProxyInformation{proxyOption=NO_PROXY, proxyServerType=, password=, proxyServerAddress=, proxyServerPort=0}"/>
         <property name="platform" value="Windows 7"/>
      </properties>
      <testcase name="Test Cases/google" classname="Test Cases/google" status="FAILED">
         <failure type="FAILED" message="Unable to click on object 'Object Repository/Page_Google/input_q' (Root cause: com.kms.katalon.core.webui.exception.WebElementNotFoundException: Web element with id: 'Object Repository/Page_Google/input_q' located by 'By.xpath: //input[count(. | //*[@id = 'lst-ib']) = count(//*[@id = 'lst-ib'])]' not found)"/>
         <system-out><![CDATA[2017-08-26 17:32:50 - [TEST_CASE][FAILED] - Test Cases/google: Test Cases/google FAILED because (of) Unable to click on object 'Object Repository/Page_Google/input_q' (Root cause: com.kms.katalon.core.webui.exception.WebElementNotFoundException: Web element with id: 'Object Repository/Page_Google/input_q' located by 'By.xpath: //input[count(. | //*[@id = 'lst-ib']) = count(//*[@id = 'lst-ib'])]' not found)

2017-08-26 17:32:52 - [TEST_STEP][PASSED] - openBrowser: Browser is opened with url: ''

2017-08-26 17:33:07 - [MESSAGE][PASSED] - Browser is opened with url: ''

2017-08-26 17:33:07 - [TEST_STEP][PASSED] - navigateToUrl: Navigate to 'https://www.google.co.in/?gws_rd=ssl' successfully

2017-08-26 17:33:11 - [MESSAGE][PASSED] - Navigate to 'https://www.google.co.in/?gws_rd=ssl' successfully

2017-08-26 17:33:11 - [TEST_STEP][PASSED] - maximizeWindow: Current window maximized

2017-08-26 17:33:11 - [MESSAGE][PASSED] - Current window maximized

2017-08-26 17:33:11 - [TEST_STEP][FAILED] - click: Unable to click on object 'Object Repository/Page_Google/input_q' (Root cause: com.kms.katalon.core.webui.exception.WebElementNotFoundException: Web element with id: 'Object Repository/Page_Google/input_q' located by 'By.xpath: //input[count(. | //*[@id = 'lst-ib']) = count(//*[@id = 'lst-ib'])]' not found)

2017-08-26 17:33:45 - [MESSAGE][FAILED] - Unable to click on object 'Object Repository/Page_Google/input_q' (Root cause: com.kms.katalon.core.webui.exception.WebElementNotFoundException: Web element with id: 'Object Repository/Page_Google/input_q' located by 'By.xpath: //input[count(. | //*[@id = 'lst-ib']) = count(//*[@id = 'lst-ib'])]' not found)
[[ATTACHMENT|C:\\Users\\pratiush.pratik\\Katalon Studio\\TestDesktop\\Reports\\WebTest E commerce\\20170826_173241\\1503749025234.png]]]]></system-out>
         <system-err><![CDATA[2017-08-26 17:32:50 - [TEST_CASE][FAILED] - Test Cases/google: Test Cases/google FAILED because (of) Unable to click on object 'Object Repository/Page_Google/input_q' (Root cause: com.kms.katalon.core.webui.exception.WebElementNotFoundException: Web element with id: 'Object Repository/Page_Google/input_q' located by 'By.xpath: //input[count(. | //*[@id = 'lst-ib']) = count(//*[@id = 'lst-ib'])]' not found)]]></system-err>
      </testcase>
      <testcase name="Test Cases/launch" classname="Test Cases/launch" status="PASSED">
         <system-out><![CDATA[2017-08-26 17:33:45 - [TEST_CASE][PASSED] - Test Cases/launch: Test Cases/launch

2017-08-26 17:33:46 - [TEST_STEP][PASSED] - openBrowser: Browser is opened with url: ''

2017-08-26 17:33:46 - [MESSAGE][WARNING] - A browser is already opened. Closing browser and opening a new one

2017-08-26 17:33:54 - [MESSAGE][PASSED] - Browser is opened with url: ''

2017-08-26 17:33:54 - [TEST_STEP][PASSED] - maximizeWindow: Current window maximized

2017-08-26 17:33:54 - [MESSAGE][PASSED] - Current window maximized

2017-08-26 17:33:54 - [TEST_STEP][PASSED] - navigateToUrl: Navigate to 'https://paytm.com/' successfully

2017-08-26 17:33:58 - [MESSAGE][PASSED] - Navigate to 'https://paytm.com/' successfully

2017-08-26 17:33:58 - [TEST_STEP][PASSED] - setText: Text '9875645453' is set on object 'Object Repository/Page_Paytm.com  Digital  Utility Pa/input'

2017-08-26 17:34:04 - [MESSAGE][PASSED] - Text '9875645453' is set on object 'Object Repository/Page_Paytm.com  Digital  Utility Pa/input'

2017-08-26 17:34:04 - [TEST_STEP][PASSED] - click: Object: 'Object Repository/Page_Paytm.com  Digital  Utility Pa/div_Fast Forward' is clicked on

2017-08-26 17:34:08 - [MESSAGE][PASSED] - Object: 'Object Repository/Page_Paytm.com  Digital  Utility Pa/div_Fast Forward' is clicked on

2017-08-26 17:34:08 - [TEST_STEP][PASSED] - click: Object: 'Object Repository/Page_Paytm.com  Digital  Utility Pa/button_Proceed to Recharge' is clicked on

2017-08-26 17:34:08 - [MESSAGE][PASSED] - Object: 'Object Repository/Page_Paytm.com  Digital  Utility Pa/button_Proceed to Recharge' is clicked on

2017-08-26 17:34:08 - [TEST_STEP][PASSED] - verifyTextPresent: Text 'Please enter an amount' is present on page  using regular expression

2017-08-26 17:34:15 - [MESSAGE][PASSED] - Text 'Please enter an amount' is present on page  using regular expression

2017-08-26 17:34:15 - [TEST_STEP][PASSED] - closeBrowser: Browser is closed

2017-08-26 17:34:16 - [MESSAGE][PASSED] - Browser is closed]]></system-out>
         <system-err><![CDATA[]]></system-err>
      </testcase>
      <system-out><![CDATA[2017-08-26 17:32:48 - [TEST_SUITE][FAILED] - WebTest E commerce: Test Cases/google FAILED because (of) Unable to click on object 'Object Repository/Page_Google/input_q' (Root cause: com.kms.katalon.core.webui.exception.WebElementNotFoundException: Web element with id: 'Object Repository/Page_Google/input_q' located by 'By.xpath: //input[count(. | //*[@id = 'lst-ib']) = count(//*[@id = 'lst-ib'])]' not found)]]></system-out>
      <system-err><![CDATA[2017-08-26 17:32:48 - [TEST_SUITE][FAILED] - WebTest E commerce: Test Cases/google FAILED because (of) Unable to click on object 'Object Repository/Page_Google/input_q' (Root cause: com.kms.katalon.core.webui.exception.WebElementNotFoundException: Web element with id: 'Object Repository/Page_Google/input_q' located by 'By.xpath: //input[count(. | //*[@id = 'lst-ib']) = count(//*[@id = 'lst-ib'])]' not found)]]></system-err>
   </testsuite>
</testsuites>
