<?xml version="1.0" encoding="UTF-8"?>
<testsuites name="WebTest Mphasis" time="318" tests="0" failures="2" errors="0">
   <testsuite name="WebTest Mphasis" tests="0" failures="2" errors="0" time="318" timestamp="2017-08-31 12:48:30" hostname="Pratiush.Pratik - LTPBAN252219466.corp.mphasis.com" id="Test Suites/WebTest Mphasis">
      <properties>
         <property name="deviceName" value=""/>
         <property name="devicePlatform" value=""/>
         <property name="logFolder" value="C:\\Users\\pratiush.pratik\\Katalon Studio\\TestDesktop\\Reports\\WebTest Mphasis\\20170831_124824"/>
         <property name="logFiles" value="C:\\Users\\pratiush.pratik\\Katalon Studio\\TestDesktop\\Reports\\WebTest Mphasis\\20170831_124824\\execution0.log"/>
         <property name="attachments" value="C:\\Users\\pratiush.pratik\\Katalon Studio\\TestDesktop\\Reports\\WebTest Mphasis\\20170831_124824\\1504164202163.png, C:\\Users\\pratiush.pratik\\Katalon Studio\\TestDesktop\\Reports\\WebTest Mphasis\\20170831_124824\\1504164227417.png"/>
         <property name="hostName" value="Pratiush.Pratik - LTPBAN252219466.corp.mphasis.com"/>
         <property name="os" value="Windows 7 64bit"/>
         <property name="katalonVersion" value="4.7.2.1"/>
         <property name="browser" value="JBrowser (headless)"/>
         <property name="hostAddress" value="172.17.58.58"/>
         <property name="sessionId" value="[Instance 2][Port 53830]"/>
         <property name="seleniumVersion" value="2.53.0"/>
         <property name="proxyInformation" value="ProxyInformation{proxyOption=MANUAL_CONFIG, proxyServerType=HTTP, password=TESTing31, proxyServerAddress=orrproxy.mphasis.com, proxyServerPort=8080}"/>
         <property name="platform" value="Windows 7"/>
      </properties>
      <testcase name="Test Cases/mphasis" classname="Test Cases/mphasis" status="FAILED">
         <failure type="FAILED" message="Unable to click on object 'Object Repository/Page_Mphasis  Home/a_Digital' (Root cause: com.kms.katalon.core.webui.exception.WebElementNotFoundException: Web element with id: 'Object Repository/Page_Mphasis  Home/a_Digital' located by 'By.xpath: //a[count(. | /html[1]/body[1]/header[@class=&quot;header&quot;]/div[@class=&quot;container&quot;]/div[@class=&quot;navigation&quot;]/div[@class=&quot;mainNav&quot;]/div[1]/nav[1]/ul[@class=&quot;main-nav&quot;]/li[3]/div[@class=&quot;drop-down&quot;]/div[@class=&quot;dropDownleft&quot;]/ul[1]/li[3]/a[1]) = count(/html[1]/body[1]/header[@class=&quot;header&quot;]/div[@class=&quot;container&quot;]/div[@class=&quot;navigation&quot;]/div[@class=&quot;mainNav&quot;]/div[1]/nav[1]/ul[@class=&quot;main-nav&quot;]/li[3]/div[@class=&quot;drop-down&quot;]/div[@class=&quot;dropDownleft&quot;]/ul[1]/li[3]/a[1])]' not found)"/>
         <system-out><![CDATA[2017-08-31 12:48:31 - [TEST_CASE][FAILED] - Test Cases/mphasis: Test Cases/mphasis FAILED because (of) Unable to click on object 'Object Repository/Page_Mphasis  Home/a_Digital' (Root cause: com.kms.katalon.core.webui.exception.WebElementNotFoundException: Web element with id: 'Object Repository/Page_Mphasis  Home/a_Digital' located by 'By.xpath: //a[count(. | /html[1]/body[1]/header[@class="header"]/div[@class="container"]/div[@class="navigation"]/div[@class="mainNav"]/div[1]/nav[1]/ul[@class="main-nav"]/li[3]/div[@class="drop-down"]/div[@class="dropDownleft"]/ul[1]/li[3]/a[1]) = count(/html[1]/body[1]/header[@class="header"]/div[@class="container"]/div[@class="navigation"]/div[@class="mainNav"]/div[1]/nav[1]/ul[@class="main-nav"]/li[3]/div[@class="drop-down"]/div[@class="dropDownleft"]/ul[1]/li[3]/a[1])]' not found)

2017-08-31 12:48:34 - [TEST_STEP][PASSED] - openBrowser: Browser is opened with url: ''

2017-08-31 12:49:02 - [MESSAGE][PASSED] - Browser is opened with url: ''

2017-08-31 12:49:02 - [TEST_STEP][PASSED] - maximizeWindow: Current window maximized

2017-08-31 12:49:03 - [MESSAGE][PASSED] - Current window maximized

2017-08-31 12:49:03 - [TEST_STEP][PASSED] - navigateToUrl: Navigate to 'https://www.mphasis.com/' successfully

2017-08-31 12:52:44 - [MESSAGE][PASSED] - Navigate to 'https://www.mphasis.com/' successfully

2017-08-31 12:52:44 - [TEST_STEP][PASSED] - mouseOver: Object: 'Object Repository/Page_Mphasis  Home (1)/a_Services' is hovered

2017-08-31 12:52:50 - [MESSAGE][PASSED] - Object: 'Object Repository/Page_Mphasis  Home (1)/a_Services' is hovered

2017-08-31 12:52:50 - [TEST_STEP][FAILED] - click: Unable to click on object 'Object Repository/Page_Mphasis  Home/a_Digital' (Root cause: com.kms.katalon.core.webui.exception.WebElementNotFoundException: Web element with id: 'Object Repository/Page_Mphasis  Home/a_Digital' located by 'By.xpath: //a[count(. | /html[1]/body[1]/header[@class="header"]/div[@class="container"]/div[@class="navigation"]/div[@class="mainNav"]/div[1]/nav[1]/ul[@class="main-nav"]/li[3]/div[@class="drop-down"]/div[@class="dropDownleft"]/ul[1]/li[3]/a[1]) = count(/html[1]/body[1]/header[@class="header"]/div[@class="container"]/div[@class="navigation"]/div[@class="mainNav"]/div[1]/nav[1]/ul[@class="main-nav"]/li[3]/div[@class="drop-down"]/div[@class="dropDownleft"]/ul[1]/li[3]/a[1])]' not found)

2017-08-31 12:53:24 - [MESSAGE][FAILED] - Unable to click on object 'Object Repository/Page_Mphasis  Home/a_Digital' (Root cause: com.kms.katalon.core.webui.exception.WebElementNotFoundException: Web element with id: 'Object Repository/Page_Mphasis  Home/a_Digital' located by 'By.xpath: //a[count(. | /html[1]/body[1]/header[@class="header"]/div[@class="container"]/div[@class="navigation"]/div[@class="mainNav"]/div[1]/nav[1]/ul[@class="main-nav"]/li[3]/div[@class="drop-down"]/div[@class="dropDownleft"]/ul[1]/li[3]/a[1]) = count(/html[1]/body[1]/header[@class="header"]/div[@class="container"]/div[@class="navigation"]/div[@class="mainNav"]/div[1]/nav[1]/ul[@class="main-nav"]/li[3]/div[@class="drop-down"]/div[@class="dropDownleft"]/ul[1]/li[3]/a[1])]' not found)
[[ATTACHMENT|C:\\Users\\pratiush.pratik\\Katalon Studio\\TestDesktop\\Reports\\WebTest Mphasis\\20170831_124824\\1504164202163.png]]]]></system-out>
         <system-err><![CDATA[2017-08-31 12:48:31 - [TEST_CASE][FAILED] - Test Cases/mphasis: Test Cases/mphasis FAILED because (of) Unable to click on object 'Object Repository/Page_Mphasis  Home/a_Digital' (Root cause: com.kms.katalon.core.webui.exception.WebElementNotFoundException: Web element with id: 'Object Repository/Page_Mphasis  Home/a_Digital' located by 'By.xpath: //a[count(. | /html[1]/body[1]/header[@class="header"]/div[@class="container"]/div[@class="navigation"]/div[@class="mainNav"]/div[1]/nav[1]/ul[@class="main-nav"]/li[3]/div[@class="drop-down"]/div[@class="dropDownleft"]/ul[1]/li[3]/a[1]) = count(/html[1]/body[1]/header[@class="header"]/div[@class="container"]/div[@class="navigation"]/div[@class="mainNav"]/div[1]/nav[1]/ul[@class="main-nav"]/li[3]/div[@class="drop-down"]/div[@class="dropDownleft"]/ul[1]/li[3]/a[1])]' not found)]]></system-err>
      </testcase>
      <testcase name="Test Cases/mphasis_fail" classname="Test Cases/mphasis_fail" status="FAILED">
         <failure type="FAILED" message="Unable to click on object 'Object Repository/Page_Mphasis  Home (2)/a_Governance Risk  Compliance' (Root cause: org.openqa.selenium.ElementNotVisibleException: Element is not visible.
Build info: version: '2.53.0', revision: '35ae25b', time: '2016-03-15 17:00:58'
System info: host: 'LTPBAN252219466', ip: '172.17.58.58', os.name: 'Windows 7', os.arch: 'amd64', os.version: '6.1', java.version: '1.8.0_102'
Driver info: driver.version: unknown
Build info: version: '2.53.0', revision: '35ae25b', time: '2016-03-15 17:00:58'
System info: host: 'LTPBAN252219466', ip: '172.17.58.58', os.name: 'Windows 7', os.arch: 'amd64', os.version: '6.1', java.version: '1.8.0_102'
Driver info: driver.version: unknown)"/>
         <system-out><![CDATA[2017-08-31 12:53:24 - [TEST_CASE][FAILED] - Test Cases/mphasis_fail: Test Cases/mphasis_fail FAILED because (of) Unable to click on object 'Object Repository/Page_Mphasis  Home (2)/a_Governance Risk  Compliance' (Root cause: org.openqa.selenium.ElementNotVisibleException: Element is not visible.
Build info: version: '2.53.0', revision: '35ae25b', time: '2016-03-15 17:00:58'
System info: host: 'LTPBAN252219466', ip: '172.17.58.58', os.name: 'Windows 7', os.arch: 'amd64', os.version: '6.1', java.version: '1.8.0_102'
Driver info: driver.version: unknown
Build info: version: '2.53.0', revision: '35ae25b', time: '2016-03-15 17:00:58'
System info: host: 'LTPBAN252219466', ip: '172.17.58.58', os.name: 'Windows 7', os.arch: 'amd64', os.version: '6.1', java.version: '1.8.0_102'
Driver info: driver.version: unknown)

2017-08-31 12:53:24 - [TEST_STEP][PASSED] - openBrowser: Browser is opened with url: ''

2017-08-31 12:53:24 - [MESSAGE][WARNING] - A browser is already opened. Closing browser and opening a new one

2017-08-31 12:53:39 - [MESSAGE][PASSED] - Browser is opened with url: ''

2017-08-31 12:53:39 - [TEST_STEP][PASSED] - navigateToUrl: Navigate to 'https://www.mphasis.com/' successfully

2017-08-31 12:53:47 - [MESSAGE][PASSED] - Navigate to 'https://www.mphasis.com/' successfully

2017-08-31 12:53:47 - [TEST_STEP][FAILED] - click: Unable to click on object 'Object Repository/Page_Mphasis  Home (2)/a_Governance Risk  Compliance' (Root cause: org.openqa.selenium.ElementNotVisibleException: Element is not visible.
Build info: version: '2.53.0', revision: '35ae25b', time: '2016-03-15 17:00:58'
System info: host: 'LTPBAN252219466', ip: '172.17.58.58', os.name: 'Windows 7', os.arch: 'amd64', os.version: '6.1', java.version: '1.8.0_102'
Driver info: driver.version: unknown
Build info: version: '2.53.0', revision: '35ae25b', time: '2016-03-15 17:00:58'
System info: host: 'LTPBAN252219466', ip: '172.17.58.58', os.name: 'Windows 7', os.arch: 'amd64', os.version: '6.1', java.version: '1.8.0_102'
Driver info: driver.version: unknown)

2017-08-31 12:53:47 - [MESSAGE][FAILED] - Unable to click on object 'Object Repository/Page_Mphasis  Home (2)/a_Governance Risk  Compliance' (Root cause: org.openqa.selenium.ElementNotVisibleException: Element is not visible.
Build info: version: '2.53.0', revision: '35ae25b', time: '2016-03-15 17:00:58'
System info: host: 'LTPBAN252219466', ip: '172.17.58.58', os.name: 'Windows 7', os.arch: 'amd64', os.version: '6.1', java.version: '1.8.0_102'
Driver info: driver.version: unknown
Build info: version: '2.53.0', revision: '35ae25b', time: '2016-03-15 17:00:58'
System info: host: 'LTPBAN252219466', ip: '172.17.58.58', os.name: 'Windows 7', os.arch: 'amd64', os.version: '6.1', java.version: '1.8.0_102'
Driver info: driver.version: unknown)
[[ATTACHMENT|C:\\Users\\pratiush.pratik\\Katalon Studio\\TestDesktop\\Reports\\WebTest Mphasis\\20170831_124824\\1504164227417.png]]]]></system-out>
         <system-err><![CDATA[2017-08-31 12:53:24 - [TEST_CASE][FAILED] - Test Cases/mphasis_fail: Test Cases/mphasis_fail FAILED because (of) Unable to click on object 'Object Repository/Page_Mphasis  Home (2)/a_Governance Risk  Compliance' (Root cause: org.openqa.selenium.ElementNotVisibleException: Element is not visible.
Build info: version: '2.53.0', revision: '35ae25b', time: '2016-03-15 17:00:58'
System info: host: 'LTPBAN252219466', ip: '172.17.58.58', os.name: 'Windows 7', os.arch: 'amd64', os.version: '6.1', java.version: '1.8.0_102'
Driver info: driver.version: unknown
Build info: version: '2.53.0', revision: '35ae25b', time: '2016-03-15 17:00:58'
System info: host: 'LTPBAN252219466', ip: '172.17.58.58', os.name: 'Windows 7', os.arch: 'amd64', os.version: '6.1', java.version: '1.8.0_102'
Driver info: driver.version: unknown)]]></system-err>
      </testcase>
      <system-out><![CDATA[2017-08-31 12:48:30 - [TEST_SUITE][FAILED] - WebTest Mphasis: Test Cases/mphasis FAILED because (of) Unable to click on object 'Object Repository/Page_Mphasis  Home/a_Digital' (Root cause: com.kms.katalon.core.webui.exception.WebElementNotFoundException: Web element with id: 'Object Repository/Page_Mphasis  Home/a_Digital' located by 'By.xpath: //a[count(. | /html[1]/body[1]/header[@class="header"]/div[@class="container"]/div[@class="navigation"]/div[@class="mainNav"]/div[1]/nav[1]/ul[@class="main-nav"]/li[3]/div[@class="drop-down"]/div[@class="dropDownleft"]/ul[1]/li[3]/a[1]) = count(/html[1]/body[1]/header[@class="header"]/div[@class="container"]/div[@class="navigation"]/div[@class="mainNav"]/div[1]/nav[1]/ul[@class="main-nav"]/li[3]/div[@class="drop-down"]/div[@class="dropDownleft"]/ul[1]/li[3]/a[1])]' not found)]]></system-out>
      <system-err><![CDATA[2017-08-31 12:48:30 - [TEST_SUITE][FAILED] - WebTest Mphasis: Test Cases/mphasis FAILED because (of) Unable to click on object 'Object Repository/Page_Mphasis  Home/a_Digital' (Root cause: com.kms.katalon.core.webui.exception.WebElementNotFoundException: Web element with id: 'Object Repository/Page_Mphasis  Home/a_Digital' located by 'By.xpath: //a[count(. | /html[1]/body[1]/header[@class="header"]/div[@class="container"]/div[@class="navigation"]/div[@class="mainNav"]/div[1]/nav[1]/ul[@class="main-nav"]/li[3]/div[@class="drop-down"]/div[@class="dropDownleft"]/ul[1]/li[3]/a[1]) = count(/html[1]/body[1]/header[@class="header"]/div[@class="container"]/div[@class="navigation"]/div[@class="mainNav"]/div[1]/nav[1]/ul[@class="main-nav"]/li[3]/div[@class="drop-down"]/div[@class="dropDownleft"]/ul[1]/li[3]/a[1])]' not found)]]></system-err>
   </testsuite>
</testsuites>
