<?xml version="1.0" encoding="UTF-8"?>
<testsuites name="Datafile" time="180" tests="0" failures="2" errors="0">
   <testsuite name="Datafile" tests="0" failures="2" errors="0" time="180" timestamp="2017-08-29 15:49:14" hostname="Pratiush.Pratik - LTPBAN252219466.corp.mphasis.com" id="Test Suites/Datafile">
      <properties>
         <property name="deviceName" value=""/>
         <property name="devicePlatform" value=""/>
         <property name="logFolder" value="C:\\Users\\pratiush.pratik\\Katalon Studio\\TestDesktop\\Reports\\Datafile\\20170829_154912"/>
         <property name="logFiles" value="C:\\Users\\pratiush.pratik\\Katalon Studio\\TestDesktop\\Reports\\Datafile\\20170829_154912\\execution0.log"/>
         <property name="attachments" value="C:\\Users\\pratiush.pratik\\Katalon Studio\\TestDesktop\\Reports\\Datafile\\20170829_154912\\1504002120040.png, C:\\Users\\pratiush.pratik\\Katalon Studio\\TestDesktop\\Reports\\Datafile\\20170829_154912\\1504002133616.png"/>
         <property name="hostName" value="Pratiush.Pratik - LTPBAN252219466.corp.mphasis.com"/>
         <property name="os" value="Windows 7 64bit"/>
         <property name="katalonVersion" value="4.7.2.1"/>
         <property name="browser" value="Chrome 60.0.3112.101"/>
         <property name="hostAddress" value="172.17.58.83"/>
         <property name="sessionId" value="e2d2a4e3eac4628fae92db10656b0ef6"/>
         <property name="seleniumVersion" value="2.53.0"/>
         <property name="proxyInformation" value="ProxyInformation{proxyOption=MANUAL_CONFIG, proxyServerType=HTTP, password=TESTing31, proxyServerAddress=orrproxy.mphasis.com, proxyServerPort=8080}"/>
         <property name="platform" value="Windows 7"/>
      </properties>
      <testcase name="Test Cases/launch - Iteration 1" classname="Test Cases/launch" status="FAILED">
         <failure type="FAILED" message="Test Cases/launch FAILED because (of) Unable to verify text 'Please enter an amount' is present  using regular expression (Root cause: Text 'Please enter an amount' is not present on page  using regular expression)"/>
         <system-out><![CDATA[2017-08-29 15:49:14 - [TEST_CASE][FAILED] - Test Cases/launch - Iteration 1: Test Cases/launch FAILED because (of) Unable to verify text 'Please enter an amount' is present  using regular expression (Root cause: Text 'Please enter an amount' is not present on page  using regular expression)

2017-08-29 15:49:15 - [TEST_STEP][PASSED] - openBrowser: Browser is opened with url: ''

2017-08-29 15:49:24 - [MESSAGE][PASSED] - Browser is opened with url: ''

2017-08-29 15:49:24 - [TEST_STEP][PASSED] - Statement - Mob = com.kms.katalon.core.testdata.TestDataFactory.findTestData(test).getValue("Mobile", 2): Reading excel file with source file 'C:\Users\pratiush.pratik\Katalon Studio\TestDesktop\Data Files\TEST.xlsx' and sheet name 'Paytm'

2017-08-29 15:49:25 - [TEST_STEP][PASSED] - maximizeWindow: Current window maximized

2017-08-29 15:49:26 - [MESSAGE][PASSED] - Current window maximized

2017-08-29 15:49:26 - [TEST_STEP][PASSED] - navigateToUrl: Navigate to 'https://paytm.com/' successfully

2017-08-29 15:51:58 - [MESSAGE][PASSED] - Navigate to 'https://paytm.com/' successfully

2017-08-29 15:51:58 - [TEST_STEP][PASSED] - setText: Text '9884656456' is set on object 'Object Repository/Page_Paytm.com  Digital  Utility Pa/input'

2017-08-29 15:51:58 - [MESSAGE][PASSED] - Text '9884656456' is set on object 'Object Repository/Page_Paytm.com  Digital  Utility Pa/input'

2017-08-29 15:51:58 - [TEST_STEP][PASSED] - click: Object: 'Object Repository/Page_Paytm.com  Digital  Utility Pa/div_Fast Forward' is clicked on

2017-08-29 15:51:59 - [MESSAGE][PASSED] - Object: 'Object Repository/Page_Paytm.com  Digital  Utility Pa/div_Fast Forward' is clicked on

2017-08-29 15:51:59 - [TEST_STEP][PASSED] - click: Object: 'Object Repository/Page_Paytm.com  Digital  Utility Pa/button_Proceed to Recharge' is clicked on

2017-08-29 15:51:59 - [MESSAGE][PASSED] - Object: 'Object Repository/Page_Paytm.com  Digital  Utility Pa/button_Proceed to Recharge' is clicked on

2017-08-29 15:51:59 - [TEST_STEP][FAILED] - verifyTextPresent: Unable to verify text 'Please enter an amount' is present  using regular expression (Root cause: Text 'Please enter an amount' is not present on page  using regular expression)

2017-08-29 15:52:00 - [MESSAGE][FAILED] - Text 'Please enter an amount' is not present on page  using regular expression

2017-08-29 15:52:00 - [MESSAGE][FAILED] - Unable to verify text 'Please enter an amount' is present  using regular expression (Root cause: Text 'Please enter an amount' is not present on page  using regular expression)
[[ATTACHMENT|C:\\Users\\pratiush.pratik\\Katalon Studio\\TestDesktop\\Reports\\Datafile\\20170829_154912\\1504002120040.png]]]]></system-out>
         <system-err><![CDATA[2017-08-29 15:49:14 - [TEST_CASE][FAILED] - Test Cases/launch - Iteration 1: Test Cases/launch FAILED because (of) Unable to verify text 'Please enter an amount' is present  using regular expression (Root cause: Text 'Please enter an amount' is not present on page  using regular expression)]]></system-err>
      </testcase>
      <testcase name="Test Cases/launch - Iteration 2" classname="Test Cases/launch" status="FAILED">
         <failure type="FAILED" message="Test Cases/launch FAILED because (of) Unable to verify text 'Please enter an amount' is present  using regular expression (Root cause: Text 'Please enter an amount' is not present on page  using regular expression)"/>
         <system-out><![CDATA[2017-08-29 15:52:00 - [TEST_CASE][FAILED] - Test Cases/launch - Iteration 2: Test Cases/launch FAILED because (of) Unable to verify text 'Please enter an amount' is present  using regular expression (Root cause: Text 'Please enter an amount' is not present on page  using regular expression)

2017-08-29 15:52:00 - [TEST_STEP][PASSED] - openBrowser: Browser is opened with url: ''

2017-08-29 15:52:00 - [MESSAGE][WARNING] - A browser is already opened. Closing browser and opening a new one

2017-08-29 15:52:07 - [MESSAGE][PASSED] - Browser is opened with url: ''

2017-08-29 15:52:07 - [TEST_STEP][PASSED] - Statement - Mob = com.kms.katalon.core.testdata.TestDataFactory.findTestData(test).getValue("Mobile", 2): Reading excel file with source file 'C:\Users\pratiush.pratik\Katalon Studio\TestDesktop\Data Files\TEST.xlsx' and sheet name 'Paytm'

2017-08-29 15:52:07 - [TEST_STEP][PASSED] - maximizeWindow: Current window maximized

2017-08-29 15:52:09 - [MESSAGE][PASSED] - Current window maximized

2017-08-29 15:52:09 - [TEST_STEP][PASSED] - navigateToUrl: Navigate to 'https://paytm.com/' successfully

2017-08-29 15:52:11 - [MESSAGE][PASSED] - Navigate to 'https://paytm.com/' successfully

2017-08-29 15:52:11 - [TEST_STEP][PASSED] - setText: Text '9884656456' is set on object 'Object Repository/Page_Paytm.com  Digital  Utility Pa/input'

2017-08-29 15:52:11 - [MESSAGE][PASSED] - Text '9884656456' is set on object 'Object Repository/Page_Paytm.com  Digital  Utility Pa/input'

2017-08-29 15:52:11 - [TEST_STEP][PASSED] - click: Object: 'Object Repository/Page_Paytm.com  Digital  Utility Pa/div_Fast Forward' is clicked on

2017-08-29 15:52:12 - [MESSAGE][PASSED] - Object: 'Object Repository/Page_Paytm.com  Digital  Utility Pa/div_Fast Forward' is clicked on

2017-08-29 15:52:12 - [TEST_STEP][PASSED] - click: Object: 'Object Repository/Page_Paytm.com  Digital  Utility Pa/button_Proceed to Recharge' is clicked on

2017-08-29 15:52:12 - [MESSAGE][PASSED] - Object: 'Object Repository/Page_Paytm.com  Digital  Utility Pa/button_Proceed to Recharge' is clicked on

2017-08-29 15:52:12 - [TEST_STEP][FAILED] - verifyTextPresent: Unable to verify text 'Please enter an amount' is present  using regular expression (Root cause: Text 'Please enter an amount' is not present on page  using regular expression)

2017-08-29 15:52:13 - [MESSAGE][FAILED] - Text 'Please enter an amount' is not present on page  using regular expression

2017-08-29 15:52:14 - [MESSAGE][FAILED] - Unable to verify text 'Please enter an amount' is present  using regular expression (Root cause: Text 'Please enter an amount' is not present on page  using regular expression)
[[ATTACHMENT|C:\\Users\\pratiush.pratik\\Katalon Studio\\TestDesktop\\Reports\\Datafile\\20170829_154912\\1504002133616.png]]]]></system-out>
         <system-err><![CDATA[2017-08-29 15:52:00 - [TEST_CASE][FAILED] - Test Cases/launch - Iteration 2: Test Cases/launch FAILED because (of) Unable to verify text 'Please enter an amount' is present  using regular expression (Root cause: Text 'Please enter an amount' is not present on page  using regular expression)]]></system-err>
      </testcase>
      <system-out><![CDATA[2017-08-29 15:49:14 - [TEST_SUITE][FAILED] - Datafile: Test Cases/launch FAILED because (of) Unable to verify text 'Please enter an amount' is present  using regular expression (Root cause: Text 'Please enter an amount' is not present on page  using regular expression)]]></system-out>
      <system-err><![CDATA[2017-08-29 15:49:14 - [TEST_SUITE][FAILED] - Datafile: Test Cases/launch FAILED because (of) Unable to verify text 'Please enter an amount' is present  using regular expression (Root cause: Text 'Please enter an amount' is not present on page  using regular expression)]]></system-err>
   </testsuite>
</testsuites>
