{"deviceName":"","devicePlatform":"","logFolder":"C:\\Users\\pratiush.pratik\\Katalon Studio\\TestDesktop\\Reports\\Datafile\\20170829_154032","runData":{"hostName":"Pratiush.Pratik - LTPBAN252219466.corp.mphasis.com","hostAddress":"172.17.58.83","os":"Windows 7 64bit","katalonVersion":"4.7.2.1"},"type":"TEST_SUITE","name":"Datafile","id":"Test Suites/Datafile","source":"","message":"Test Cases/launch FAILED because (of) org.codehaus.groovy.control.MultipleCompilationErrorsException: startup failed:\r\nfile:/C:/Users/pratiush.pratik/Katalon%20Studio/TestDesktop/Scripts/launch/Script1502951140733.groovy: 24: Modifier \u0027public\u0027 not allowed here.\n @ line 24, column 1.\r\n   public Mob\u003d findTestData(\"test\").getValue(\"Mobile\", 2)\r\n   ^\r\n\r\n1 error\r\n","description":"from other\\r\\n files","startTime":1504001435190,"endTime":1504001436326,"childRecords":[{"isOptional":false,"type":"TEST_CASE","name":"Test Cases/launch","id":"Test Cases/launch","source":"C:\\\\Users\\\\pratiush.pratik\\\\Katalon Studio\\\\TestDesktopTest Cases\\\\launch.tc","message":"Test Cases/launch FAILED because (of) org.codehaus.groovy.control.MultipleCompilationErrorsException: startup failed:\r\nfile:/C:/Users/pratiush.pratik/Katalon%20Studio/TestDesktop/Scripts/launch/Script1502951140733.groovy: 24: Modifier \u0027public\u0027 not allowed here.\n @ line 24, column 1.\r\n   public Mob\u003d findTestData(\"test\").getValue(\"Mobile\", 2)\r\n   ^\r\n\r\n1 error\r\n","description":"launch paytm","startTime":1504001435582,"endTime":1504001436231,"childRecords":[{"testStatus":{"stackTrace":"","statusValue":"INFO"},"type":"MESSAGE","name":"","message":"Evaluating variables for test case","startTime":1504001435791,"endTime":0,"childRecords":[],"interuppted":false},{"testStatus":{"stackTrace":"","statusValue":"INFO"},"type":"MESSAGE","name":"","message":"Variable \u0027variable\u0027 is set to null","startTime":1504001435857,"endTime":0,"childRecords":[],"interuppted":false},{"testStatus":{"stackTrace":"","statusValue":"ERROR"},"type":"MESSAGE","name":"","message":"Test Cases/launch FAILED because (of) org.codehaus.groovy.control.MultipleCompilationErrorsException: startup failed:\r\nfile:/C:/Users/pratiush.pratik/Katalon%20Studio/TestDesktop/Scripts/launch/Script1502951140733.groovy: 24: Modifier \u0027public\u0027 not allowed here.\n @ line 24, column 1.\r\n   public Mob\u003d findTestData(\"test\").getValue(\"Mobile\", 2)\r\n   ^\r\n\r\n1 error\r\n","startTime":1504001436226,"endTime":0,"childRecords":[],"interuppted":false}],"interuppted":false}],"interuppted":false}