{"deviceName":"","devicePlatform":"","logFolder":"C:\\Users\\pratiush.pratik\\Katalon Studio\\TestDesktop\\Reports\\Datafile\\20170829_161146","runData":{"hostName":"Pratiush.Pratik - LTPBAN252219466.corp.mphasis.com","os":"Windows 7 64bit","katalonVersion":"4.7.2.1","browser":"Chrome 60.0.3112.101","hostAddress":"172.17.58.83","sessionId":"f8278eac44244b0ade2242a540a4a9fb","seleniumVersion":"2.53.0","proxyInformation":"ProxyInformation{proxyOption\u003dMANUAL_CONFIG, proxyServerType\u003dHTTP, password\u003dTESTing31, proxyServerAddress\u003dorrproxy.mphasis.com, proxyServerPort\u003d8080}","platform":"Windows 7"},"type":"TEST_SUITE","name":"Datafile","id":"Test Suites/Datafile","source":"","message":"Test Cases/launch FAILED because (of) Unable to verify text \u0027Please enter an amount\u0027 is present  using regular expression (Root cause: Text \u0027Please enter an amount\u0027 is not present on page  using regular expression)","description":"from other\\r\\n files","startTime":1504003311033,"endTime":1504003468804,"childRecords":[{"isOptional":false,"type":"TEST_CASE","name":"Test Cases/launch - Iteration 1","id":"Test Cases/launch","source":"C:\\\\Users\\\\pratiush.pratik\\\\Katalon Studio\\\\TestDesktopTest Cases\\\\launch.tc","message":"Test Cases/launch FAILED because (of) Unable to verify text \u0027Please enter an amount\u0027 is present  using regular expression (Root cause: Text \u0027Please enter an amount\u0027 is not present on page  using regular expression)","description":"launch paytm","startTime":1504003311428,"endTime":1504003456916,"childRecords":[{"testStatus":{"stackTrace":"","statusValue":"INFO"},"type":"MESSAGE","name":"","message":"Evaluating variables for test case","startTime":1504003311642,"endTime":0,"childRecords":[],"interuppted":false},{"testStatus":{"stackTrace":"","statusValue":"INFO"},"type":"MESSAGE","name":"","message":"Variable \u0027variable\u0027 is set to 9620971262","startTime":1504003311744,"endTime":0,"childRecords":[],"interuppted":false},{"index":1,"isIgnoredIfFailed":false,"type":"TEST_STEP","name":"openBrowser","message":"Browser is opened with url: \u0027\u0027","description":"","startTime":1504003312114,"endTime":1504003317142,"childRecords":[{"testStatus":{"stackTrace":"","statusValue":"PASSED"},"type":"MESSAGE","name":"","message":"Browser is opened with url: \u0027\u0027","startTime":1504003317142,"endTime":0,"childRecords":[],"interuppted":false}],"interuppted":false},{"index":2,"isIgnoredIfFailed":false,"type":"TEST_STEP","name":"Statement - Mob \u003d com.kms.katalon.core.testdata.TestDataFactory.findTestData(test).getValue(\"Mobile\", 2)","message":"Reading excel file with source file \u0027C:\\Users\\pratiush.pratik\\Katalon Studio\\TestDesktop\\Data Files\\TEST.xlsx\u0027 and sheet name \u0027Paytm\u0027","description":"","startTime":1504003317158,"endTime":1504003318076,"childRecords":[],"interuppted":false},{"index":3,"isIgnoredIfFailed":false,"type":"TEST_STEP","name":"maximizeWindow","message":"Current window maximized","description":"","startTime":1504003318076,"endTime":1504003319573,"childRecords":[{"testStatus":{"stackTrace":"","statusValue":"PASSED"},"type":"MESSAGE","name":"","message":"Current window maximized","startTime":1504003319571,"endTime":0,"childRecords":[],"interuppted":false}],"interuppted":false},{"index":4,"isIgnoredIfFailed":false,"type":"TEST_STEP","name":"navigateToUrl","message":"Navigate to \u0027https://paytm.com/\u0027 successfully","description":"","startTime":1504003319574,"endTime":1504003454071,"childRecords":[{"testStatus":{"stackTrace":"","statusValue":"PASSED"},"type":"MESSAGE","name":"","message":"Navigate to \u0027https://paytm.com/\u0027 successfully","startTime":1504003454070,"endTime":0,"childRecords":[],"interuppted":false}],"interuppted":false},{"index":5,"isIgnoredIfFailed":false,"type":"TEST_STEP","name":"waitForPageLoad","message":"Wait for page load successfully","description":"","startTime":1504003454071,"endTime":1504003454624,"childRecords":[{"testStatus":{"stackTrace":"","statusValue":"PASSED"},"type":"MESSAGE","name":"","message":"Wait for page load successfully","startTime":1504003454610,"endTime":0,"childRecords":[],"interuppted":false}],"interuppted":false},{"index":6,"isIgnoredIfFailed":false,"type":"TEST_STEP","name":"setText","message":"Text \u00279884656456\u0027 is set on object \u0027Object Repository/Page_Paytm.com  Digital  Utility Pa/input\u0027","description":"","startTime":1504003454625,"endTime":1504003455112,"childRecords":[{"testStatus":{"stackTrace":"","statusValue":"PASSED"},"type":"MESSAGE","name":"","message":"Text \u00279884656456\u0027 is set on object \u0027Object Repository/Page_Paytm.com  Digital  Utility Pa/input\u0027","startTime":1504003455111,"endTime":0,"childRecords":[],"interuppted":false}],"interuppted":false},{"index":7,"isIgnoredIfFailed":false,"type":"TEST_STEP","name":"click","message":"Object: \u0027Object Repository/Page_Paytm.com  Digital  Utility Pa/div_Fast Forward\u0027 is clicked on","description":"","startTime":1504003455112,"endTime":1504003455715,"childRecords":[{"testStatus":{"stackTrace":"","statusValue":"PASSED"},"type":"MESSAGE","name":"","message":"Object: \u0027Object Repository/Page_Paytm.com  Digital  Utility Pa/div_Fast Forward\u0027 is clicked on","startTime":1504003455715,"endTime":0,"childRecords":[],"interuppted":false}],"interuppted":false},{"index":8,"isIgnoredIfFailed":false,"type":"TEST_STEP","name":"click","message":"Object: \u0027Object Repository/Page_Paytm.com  Digital  Utility Pa/button_Proceed to Recharge\u0027 is clicked on","description":"","startTime":1504003455716,"endTime":1504003455879,"childRecords":[{"testStatus":{"stackTrace":"","statusValue":"PASSED"},"type":"MESSAGE","name":"","message":"Object: \u0027Object Repository/Page_Paytm.com  Digital  Utility Pa/button_Proceed to Recharge\u0027 is clicked on","startTime":1504003455879,"endTime":0,"childRecords":[],"interuppted":false}],"interuppted":false},{"attachment":"1504003456439.png","index":9,"isIgnoredIfFailed":false,"type":"TEST_STEP","name":"verifyTextPresent","message":"Unable to verify text \u0027Please enter an amount\u0027 is present  using regular expression (Root cause: Text \u0027Please enter an amount\u0027 is not present on page  using regular expression)","description":"","startTime":1504003455880,"endTime":1504003456882,"childRecords":[{"testStatus":{"stackTrace":"","statusValue":"FAILED"},"type":"MESSAGE","name":"","message":"Text \u0027Please enter an amount\u0027 is not present on page  using regular expression","startTime":1504003456439,"endTime":0,"childRecords":[],"interuppted":false},{"testStatus":{"stackTrace":"","statusValue":"FAILED"},"attachment":"1504003456439.png","type":"MESSAGE","name":"","message":"Unable to verify text \u0027Please enter an amount\u0027 is present  using regular expression (Root cause: Text \u0027Please enter an amount\u0027 is not present on page  using regular expression)","startTime":1504003456881,"endTime":0,"childRecords":[],"interuppted":false}],"interuppted":false},{"testStatus":{"stackTrace":"","statusValue":"FAILED"},"type":"MESSAGE","name":"","message":"Test Cases/launch FAILED because (of) Unable to verify text \u0027Please enter an amount\u0027 is present  using regular expression (Root cause: Text \u0027Please enter an amount\u0027 is not present on page  using regular expression)","startTime":1504003456882,"endTime":0,"childRecords":[],"interuppted":false}],"interuppted":false},{"isOptional":false,"type":"TEST_CASE","name":"Test Cases/launch - Iteration 2","id":"Test Cases/launch","source":"C:\\\\Users\\\\pratiush.pratik\\\\Katalon Studio\\\\TestDesktopTest Cases\\\\launch.tc","message":"Test Cases/launch FAILED because (of) Unable to set text \u00279884656456\u0027 of object \u0027Object Repository/Page_Paytm.com  Digital  Utility Pa/input\u0027 (Root cause: org.openqa.selenium.StaleElementReferenceException: stale element reference: element is not attached to the page document\n  (Session info: chrome\u003d60.0.3112.101)\n  (Driver info: chromedriver\u003d2.30.477700 (0057494ad8732195794a7b32078424f92a5fce41),platform\u003dWindows NT 6.1.7601 SP1 x86_64) (WARNING: The server did not provide any stacktrace information)\nCommand duration or timeout: 916 milliseconds\nFor documentation on this error, please visit: http://seleniumhq.org/exceptions/stale_element_reference.html\nBuild info: version: \u00272.53.0\u0027, revision: \u002735ae25b\u0027, time: \u00272016-03-15 17:00:58\u0027\nSystem info: host: \u0027LTPBAN252219466\u0027, ip: \u0027172.17.58.83\u0027, os.name: \u0027Windows 7\u0027, os.arch: \u0027amd64\u0027, os.version: \u00276.1\u0027, java.version: \u00271.8.0_102\u0027\nDriver info: com.kms.katalon.selenium.driver.CChromeDriver\nCapabilities [{applicationCacheEnabled\u003dfalse, rotatable\u003dfalse, mobileEmulationEnabled\u003dfalse, networkConnectionEnabled\u003dfalse, chrome\u003d{chromedriverVersion\u003d2.30.477700 (0057494ad8732195794a7b32078424f92a5fce41), userDataDir\u003dC:\\Users\\PRATIU~1.PRA\\AppData\\Local\\Temp\\scoped_dir7368_8553}, takesHeapSnapshot\u003dtrue, pageLoadStrategy\u003dnormal, databaseEnabled\u003dfalse, handlesAlerts\u003dtrue, hasTouchScreen\u003dfalse, version\u003d60.0.3112.101, platform\u003dXP, browserConnectionEnabled\u003dfalse, nativeEvents\u003dtrue, acceptSslCerts\u003dtrue, locationContextEnabled\u003dtrue, webStorageEnabled\u003dtrue, browserName\u003dchrome, takesScreenshot\u003dtrue, javascriptEnabled\u003dtrue, cssSelectorsEnabled\u003dtrue, unexpectedAlertBehaviour\u003d}]\nSession ID: f8278eac44244b0ade2242a540a4a9fb)","description":"launch paytm","startTime":1504003456941,"endTime":1504003467573,"childRecords":[{"testStatus":{"stackTrace":"","statusValue":"INFO"},"type":"MESSAGE","name":"","message":"Evaluating variables for test case","startTime":1504003456973,"endTime":0,"childRecords":[],"interuppted":false},{"testStatus":{"stackTrace":"","statusValue":"INFO"},"type":"MESSAGE","name":"","message":"Variable \u0027variable\u0027 is set to 9884656456","startTime":1504003456973,"endTime":0,"childRecords":[],"interuppted":false},{"index":1,"isIgnoredIfFailed":false,"type":"TEST_STEP","name":"openBrowser","message":"Browser is opened with url: \u0027\u0027","description":"","startTime":1504003456973,"endTime":1504003461948,"childRecords":[{"testStatus":{"stackTrace":"","statusValue":"WARNING"},"type":"MESSAGE","name":"","message":"A browser is already opened. Closing browser and opening a new one","startTime":1504003456973,"endTime":0,"childRecords":[],"interuppted":false},{"testStatus":{"stackTrace":"","statusValue":"PASSED"},"type":"MESSAGE","name":"","message":"Browser is opened with url: \u0027\u0027","startTime":1504003461945,"endTime":0,"childRecords":[],"interuppted":false}],"interuppted":false},{"index":2,"isIgnoredIfFailed":false,"type":"TEST_STEP","name":"Statement - Mob \u003d com.kms.katalon.core.testdata.TestDataFactory.findTestData(test).getValue(\"Mobile\", 2)","message":"Reading excel file with source file \u0027C:\\Users\\pratiush.pratik\\Katalon Studio\\TestDesktop\\Data Files\\TEST.xlsx\u0027 and sheet name \u0027Paytm\u0027","description":"","startTime":1504003461948,"endTime":1504003462000,"childRecords":[],"interuppted":false},{"index":3,"isIgnoredIfFailed":false,"type":"TEST_STEP","name":"maximizeWindow","message":"Current window maximized","description":"","startTime":1504003462000,"endTime":1504003463473,"childRecords":[{"testStatus":{"stackTrace":"","statusValue":"PASSED"},"type":"MESSAGE","name":"","message":"Current window maximized","startTime":1504003463473,"endTime":0,"childRecords":[],"interuppted":false}],"interuppted":false},{"index":4,"isIgnoredIfFailed":false,"type":"TEST_STEP","name":"navigateToUrl","message":"Navigate to \u0027https://paytm.com/\u0027 successfully","description":"","startTime":1504003463474,"endTime":1504003465990,"childRecords":[{"testStatus":{"stackTrace":"","statusValue":"PASSED"},"type":"MESSAGE","name":"","message":"Navigate to \u0027https://paytm.com/\u0027 successfully","startTime":1504003465990,"endTime":0,"childRecords":[],"interuppted":false}],"interuppted":false},{"index":5,"isIgnoredIfFailed":false,"type":"TEST_STEP","name":"waitForPageLoad","message":"Wait for page load successfully","description":"","startTime":1504003465990,"endTime":1504003466022,"childRecords":[{"testStatus":{"stackTrace":"","statusValue":"PASSED"},"type":"MESSAGE","name":"","message":"Wait for page load successfully","startTime":1504003466021,"endTime":0,"childRecords":[],"interuppted":false}],"interuppted":false},{"attachment":"1504003467136.png","index":6,"isIgnoredIfFailed":false,"type":"TEST_STEP","name":"setText","message":"Unable to set text \u00279884656456\u0027 of object \u0027Object Repository/Page_Paytm.com  Digital  Utility Pa/input\u0027 (Root cause: org.openqa.selenium.StaleElementReferenceException: stale element reference: element is not attached to the page document\n  (Session info: chrome\u003d60.0.3112.101)\n  (Driver info: chromedriver\u003d2.30.477700 (0057494ad8732195794a7b32078424f92a5fce41),platform\u003dWindows NT 6.1.7601 SP1 x86_64) (WARNING: The server did not provide any stacktrace information)\nCommand duration or timeout: 916 milliseconds\nFor documentation on this error, please visit: http://seleniumhq.org/exceptions/stale_element_reference.html\nBuild info: version: \u00272.53.0\u0027, revision: \u002735ae25b\u0027, time: \u00272016-03-15 17:00:58\u0027\nSystem info: host: \u0027LTPBAN252219466\u0027, ip: \u0027172.17.58.83\u0027, os.name: \u0027Windows 7\u0027, os.arch: \u0027amd64\u0027, os.version: \u00276.1\u0027, java.version: \u00271.8.0_102\u0027\nDriver info: com.kms.katalon.selenium.driver.CChromeDriver\nCapabilities [{applicationCacheEnabled\u003dfalse, rotatable\u003dfalse, mobileEmulationEnabled\u003dfalse, networkConnectionEnabled\u003dfalse, chrome\u003d{chromedriverVersion\u003d2.30.477700 (0057494ad8732195794a7b32078424f92a5fce41), userDataDir\u003dC:\\Users\\PRATIU~1.PRA\\AppData\\Local\\Temp\\scoped_dir7368_8553}, takesHeapSnapshot\u003dtrue, pageLoadStrategy\u003dnormal, databaseEnabled\u003dfalse, handlesAlerts\u003dtrue, hasTouchScreen\u003dfalse, version\u003d60.0.3112.101, platform\u003dXP, browserConnectionEnabled\u003dfalse, nativeEvents\u003dtrue, acceptSslCerts\u003dtrue, locationContextEnabled\u003dtrue, webStorageEnabled\u003dtrue, browserName\u003dchrome, takesScreenshot\u003dtrue, javascriptEnabled\u003dtrue, cssSelectorsEnabled\u003dtrue, unexpectedAlertBehaviour\u003d}]\nSession ID: f8278eac44244b0ade2242a540a4a9fb)","description":"","startTime":1504003466022,"endTime":1504003467492,"childRecords":[{"testStatus":{"stackTrace":"","statusValue":"FAILED"},"attachment":"1504003467136.png","type":"MESSAGE","name":"","message":"Unable to set text \u00279884656456\u0027 of object \u0027Object Repository/Page_Paytm.com  Digital  Utility Pa/input\u0027 (Root cause: org.openqa.selenium.StaleElementReferenceException: stale element reference: element is not attached to the page document\n  (Session info: chrome\u003d60.0.3112.101)\n  (Driver info: chromedriver\u003d2.30.477700 (0057494ad8732195794a7b32078424f92a5fce41),platform\u003dWindows NT 6.1.7601 SP1 x86_64) (WARNING: The server did not provide any stacktrace information)\nCommand duration or timeout: 916 milliseconds\nFor documentation on this error, please visit: http://seleniumhq.org/exceptions/stale_element_reference.html\nBuild info: version: \u00272.53.0\u0027, revision: \u002735ae25b\u0027, time: \u00272016-03-15 17:00:58\u0027\nSystem info: host: \u0027LTPBAN252219466\u0027, ip: \u0027172.17.58.83\u0027, os.name: \u0027Windows 7\u0027, os.arch: \u0027amd64\u0027, os.version: \u00276.1\u0027, java.version: \u00271.8.0_102\u0027\nDriver info: com.kms.katalon.selenium.driver.CChromeDriver\nCapabilities [{applicationCacheEnabled\u003dfalse, rotatable\u003dfalse, mobileEmulationEnabled\u003dfalse, networkConnectionEnabled\u003dfalse, chrome\u003d{chromedriverVersion\u003d2.30.477700 (0057494ad8732195794a7b32078424f92a5fce41), userDataDir\u003dC:\\Users\\PRATIU~1.PRA\\AppData\\Local\\Temp\\scoped_dir7368_8553}, takesHeapSnapshot\u003dtrue, pageLoadStrategy\u003dnormal, databaseEnabled\u003dfalse, handlesAlerts\u003dtrue, hasTouchScreen\u003dfalse, version\u003d60.0.3112.101, platform\u003dXP, browserConnectionEnabled\u003dfalse, nativeEvents\u003dtrue, acceptSslCerts\u003dtrue, locationContextEnabled\u003dtrue, webStorageEnabled\u003dtrue, browserName\u003dchrome, takesScreenshot\u003dtrue, javascriptEnabled\u003dtrue, cssSelectorsEnabled\u003dtrue, unexpectedAlertBehaviour\u003d}]\nSession ID: f8278eac44244b0ade2242a540a4a9fb)","startTime":1504003467491,"endTime":0,"childRecords":[],"interuppted":false}],"interuppted":false},{"testStatus":{"stackTrace":"","statusValue":"FAILED"},"type":"MESSAGE","name":"","message":"Test Cases/launch FAILED because (of) Unable to set text \u00279884656456\u0027 of object \u0027Object Repository/Page_Paytm.com  Digital  Utility Pa/input\u0027 (Root cause: org.openqa.selenium.StaleElementReferenceException: stale element reference: element is not attached to the page document\n  (Session info: chrome\u003d60.0.3112.101)\n  (Driver info: chromedriver\u003d2.30.477700 (0057494ad8732195794a7b32078424f92a5fce41),platform\u003dWindows NT 6.1.7601 SP1 x86_64) (WARNING: The server did not provide any stacktrace information)\nCommand duration or timeout: 916 milliseconds\nFor documentation on this error, please visit: http://seleniumhq.org/exceptions/stale_element_reference.html\nBuild info: version: \u00272.53.0\u0027, revision: \u002735ae25b\u0027, time: \u00272016-03-15 17:00:58\u0027\nSystem info: host: \u0027LTPBAN252219466\u0027, ip: \u0027172.17.58.83\u0027, os.name: \u0027Windows 7\u0027, os.arch: \u0027amd64\u0027, os.version: \u00276.1\u0027, java.version: \u00271.8.0_102\u0027\nDriver info: com.kms.katalon.selenium.driver.CChromeDriver\nCapabilities [{applicationCacheEnabled\u003dfalse, rotatable\u003dfalse, mobileEmulationEnabled\u003dfalse, networkConnectionEnabled\u003dfalse, chrome\u003d{chromedriverVersion\u003d2.30.477700 (0057494ad8732195794a7b32078424f92a5fce41), userDataDir\u003dC:\\Users\\PRATIU~1.PRA\\AppData\\Local\\Temp\\scoped_dir7368_8553}, takesHeapSnapshot\u003dtrue, pageLoadStrategy\u003dnormal, databaseEnabled\u003dfalse, handlesAlerts\u003dtrue, hasTouchScreen\u003dfalse, version\u003d60.0.3112.101, platform\u003dXP, browserConnectionEnabled\u003dfalse, nativeEvents\u003dtrue, acceptSslCerts\u003dtrue, locationContextEnabled\u003dtrue, webStorageEnabled\u003dtrue, browserName\u003dchrome, takesScreenshot\u003dtrue, javascriptEnabled\u003dtrue, cssSelectorsEnabled\u003dtrue, unexpectedAlertBehaviour\u003d}]\nSession ID: f8278eac44244b0ade2242a540a4a9fb)","startTime":1504003467492,"endTime":0,"childRecords":[],"interuppted":false}],"interuppted":false}],"interuppted":false}