<?xml version="1.0" encoding="UTF-8"?>
<testsuites name="Datafile" time="157" tests="0" failures="2" errors="0">
   <testsuite name="Datafile" tests="0" failures="2" errors="0" time="157" timestamp="2017-08-29 16:11:51" hostname="Pratiush.Pratik - LTPBAN252219466.corp.mphasis.com" id="Test Suites/Datafile">
      <properties>
         <property name="deviceName" value=""/>
         <property name="devicePlatform" value=""/>
         <property name="logFolder" value="C:\\Users\\pratiush.pratik\\Katalon Studio\\TestDesktop\\Reports\\Datafile\\20170829_161146"/>
         <property name="logFiles" value="C:\\Users\\pratiush.pratik\\Katalon Studio\\TestDesktop\\Reports\\Datafile\\20170829_161146\\execution0.log"/>
         <property name="attachments" value="C:\\Users\\pratiush.pratik\\Katalon Studio\\TestDesktop\\Reports\\Datafile\\20170829_161146\\1504003456439.png, C:\\Users\\pratiush.pratik\\Katalon Studio\\TestDesktop\\Reports\\Datafile\\20170829_161146\\1504003467136.png"/>
         <property name="hostName" value="Pratiush.Pratik - LTPBAN252219466.corp.mphasis.com"/>
         <property name="os" value="Windows 7 64bit"/>
         <property name="katalonVersion" value="4.7.2.1"/>
         <property name="browser" value="Chrome 60.0.3112.101"/>
         <property name="hostAddress" value="172.17.58.83"/>
         <property name="sessionId" value="f8278eac44244b0ade2242a540a4a9fb"/>
         <property name="seleniumVersion" value="2.53.0"/>
         <property name="proxyInformation" value="ProxyInformation{proxyOption=MANUAL_CONFIG, proxyServerType=HTTP, password=TESTing31, proxyServerAddress=orrproxy.mphasis.com, proxyServerPort=8080}"/>
         <property name="platform" value="Windows 7"/>
      </properties>
      <testcase name="Test Cases/launch - Iteration 1" classname="Test Cases/launch" status="FAILED">
         <failure type="FAILED" message="Test Cases/launch FAILED because (of) Unable to verify text 'Please enter an amount' is present  using regular expression (Root cause: Text 'Please enter an amount' is not present on page  using regular expression)"/>
         <system-out><![CDATA[2017-08-29 16:11:51 - [TEST_CASE][FAILED] - Test Cases/launch - Iteration 1: Test Cases/launch FAILED because (of) Unable to verify text 'Please enter an amount' is present  using regular expression (Root cause: Text 'Please enter an amount' is not present on page  using regular expression)

2017-08-29 16:11:52 - [TEST_STEP][PASSED] - openBrowser: Browser is opened with url: ''

2017-08-29 16:11:57 - [MESSAGE][PASSED] - Browser is opened with url: ''

2017-08-29 16:11:57 - [TEST_STEP][PASSED] - Statement - Mob = com.kms.katalon.core.testdata.TestDataFactory.findTestData(test).getValue("Mobile", 2): Reading excel file with source file 'C:\Users\pratiush.pratik\Katalon Studio\TestDesktop\Data Files\TEST.xlsx' and sheet name 'Paytm'

2017-08-29 16:11:58 - [TEST_STEP][PASSED] - maximizeWindow: Current window maximized

2017-08-29 16:11:59 - [MESSAGE][PASSED] - Current window maximized

2017-08-29 16:11:59 - [TEST_STEP][PASSED] - navigateToUrl: Navigate to 'https://paytm.com/' successfully

2017-08-29 16:14:14 - [MESSAGE][PASSED] - Navigate to 'https://paytm.com/' successfully

2017-08-29 16:14:14 - [TEST_STEP][PASSED] - waitForPageLoad: Wait for page load successfully

2017-08-29 16:14:14 - [MESSAGE][PASSED] - Wait for page load successfully

2017-08-29 16:14:14 - [TEST_STEP][PASSED] - setText: Text '9884656456' is set on object 'Object Repository/Page_Paytm.com  Digital  Utility Pa/input'

2017-08-29 16:14:15 - [MESSAGE][PASSED] - Text '9884656456' is set on object 'Object Repository/Page_Paytm.com  Digital  Utility Pa/input'

2017-08-29 16:14:15 - [TEST_STEP][PASSED] - click: Object: 'Object Repository/Page_Paytm.com  Digital  Utility Pa/div_Fast Forward' is clicked on

2017-08-29 16:14:15 - [MESSAGE][PASSED] - Object: 'Object Repository/Page_Paytm.com  Digital  Utility Pa/div_Fast Forward' is clicked on

2017-08-29 16:14:15 - [TEST_STEP][PASSED] - click: Object: 'Object Repository/Page_Paytm.com  Digital  Utility Pa/button_Proceed to Recharge' is clicked on

2017-08-29 16:14:15 - [MESSAGE][PASSED] - Object: 'Object Repository/Page_Paytm.com  Digital  Utility Pa/button_Proceed to Recharge' is clicked on

2017-08-29 16:14:15 - [TEST_STEP][FAILED] - verifyTextPresent: Unable to verify text 'Please enter an amount' is present  using regular expression (Root cause: Text 'Please enter an amount' is not present on page  using regular expression)

2017-08-29 16:14:16 - [MESSAGE][FAILED] - Text 'Please enter an amount' is not present on page  using regular expression

2017-08-29 16:14:16 - [MESSAGE][FAILED] - Unable to verify text 'Please enter an amount' is present  using regular expression (Root cause: Text 'Please enter an amount' is not present on page  using regular expression)
[[ATTACHMENT|C:\\Users\\pratiush.pratik\\Katalon Studio\\TestDesktop\\Reports\\Datafile\\20170829_161146\\1504003456439.png]]]]></system-out>
         <system-err><![CDATA[2017-08-29 16:11:51 - [TEST_CASE][FAILED] - Test Cases/launch - Iteration 1: Test Cases/launch FAILED because (of) Unable to verify text 'Please enter an amount' is present  using regular expression (Root cause: Text 'Please enter an amount' is not present on page  using regular expression)]]></system-err>
      </testcase>
      <testcase name="Test Cases/launch - Iteration 2" classname="Test Cases/launch" status="FAILED">
         <failure type="FAILED" message="Test Cases/launch FAILED because (of) Unable to set text '9884656456' of object 'Object Repository/Page_Paytm.com  Digital  Utility Pa/input' (Root cause: org.openqa.selenium.StaleElementReferenceException: stale element reference: element is not attached to the page document
  (Session info: chrome=60.0.3112.101)
  (Driver info: chromedriver=2.30.477700 (0057494ad8732195794a7b32078424f92a5fce41),platform=Windows NT 6.1.7601 SP1 x86_64) (WARNING: The server did not provide any stacktrace information)
Command duration or timeout: 916 milliseconds
For documentation on this error, please visit: http://seleniumhq.org/exceptions/stale_element_reference.html
Build info: version: '2.53.0', revision: '35ae25b', time: '2016-03-15 17:00:58'
System info: host: 'LTPBAN252219466', ip: '172.17.58.83', os.name: 'Windows 7', os.arch: 'amd64', os.version: '6.1', java.version: '1.8.0_102'
Driver info: com.kms.katalon.selenium.driver.CChromeDriver
Capabilities [{applicationCacheEnabled=false, rotatable=false, mobileEmulationEnabled=false, networkConnectionEnabled=false, chrome={chromedriverVersion=2.30.477700 (0057494ad8732195794a7b32078424f92a5fce41), userDataDir=C:\Users\PRATIU~1.PRA\AppData\Local\Temp\scoped_dir7368_8553}, takesHeapSnapshot=true, pageLoadStrategy=normal, databaseEnabled=false, handlesAlerts=true, hasTouchScreen=false, version=60.0.3112.101, platform=XP, browserConnectionEnabled=false, nativeEvents=true, acceptSslCerts=true, locationContextEnabled=true, webStorageEnabled=true, browserName=chrome, takesScreenshot=true, javascriptEnabled=true, cssSelectorsEnabled=true, unexpectedAlertBehaviour=}]
Session ID: f8278eac44244b0ade2242a540a4a9fb)"/>
         <system-out><![CDATA[2017-08-29 16:14:16 - [TEST_CASE][FAILED] - Test Cases/launch - Iteration 2: Test Cases/launch FAILED because (of) Unable to set text '9884656456' of object 'Object Repository/Page_Paytm.com  Digital  Utility Pa/input' (Root cause: org.openqa.selenium.StaleElementReferenceException: stale element reference: element is not attached to the page document
  (Session info: chrome=60.0.3112.101)
  (Driver info: chromedriver=2.30.477700 (0057494ad8732195794a7b32078424f92a5fce41),platform=Windows NT 6.1.7601 SP1 x86_64) (WARNING: The server did not provide any stacktrace information)
Command duration or timeout: 916 milliseconds
For documentation on this error, please visit: http://seleniumhq.org/exceptions/stale_element_reference.html
Build info: version: '2.53.0', revision: '35ae25b', time: '2016-03-15 17:00:58'
System info: host: 'LTPBAN252219466', ip: '172.17.58.83', os.name: 'Windows 7', os.arch: 'amd64', os.version: '6.1', java.version: '1.8.0_102'
Driver info: com.kms.katalon.selenium.driver.CChromeDriver
Capabilities [{applicationCacheEnabled=false, rotatable=false, mobileEmulationEnabled=false, networkConnectionEnabled=false, chrome={chromedriverVersion=2.30.477700 (0057494ad8732195794a7b32078424f92a5fce41), userDataDir=C:\Users\PRATIU~1.PRA\AppData\Local\Temp\scoped_dir7368_8553}, takesHeapSnapshot=true, pageLoadStrategy=normal, databaseEnabled=false, handlesAlerts=true, hasTouchScreen=false, version=60.0.3112.101, platform=XP, browserConnectionEnabled=false, nativeEvents=true, acceptSslCerts=true, locationContextEnabled=true, webStorageEnabled=true, browserName=chrome, takesScreenshot=true, javascriptEnabled=true, cssSelectorsEnabled=true, unexpectedAlertBehaviour=}]
Session ID: f8278eac44244b0ade2242a540a4a9fb)

2017-08-29 16:14:16 - [TEST_STEP][PASSED] - openBrowser: Browser is opened with url: ''

2017-08-29 16:14:16 - [MESSAGE][WARNING] - A browser is already opened. Closing browser and opening a new one

2017-08-29 16:14:21 - [MESSAGE][PASSED] - Browser is opened with url: ''

2017-08-29 16:14:21 - [TEST_STEP][PASSED] - Statement - Mob = com.kms.katalon.core.testdata.TestDataFactory.findTestData(test).getValue("Mobile", 2): Reading excel file with source file 'C:\Users\pratiush.pratik\Katalon Studio\TestDesktop\Data Files\TEST.xlsx' and sheet name 'Paytm'

2017-08-29 16:14:22 - [TEST_STEP][PASSED] - maximizeWindow: Current window maximized

2017-08-29 16:14:23 - [MESSAGE][PASSED] - Current window maximized

2017-08-29 16:14:23 - [TEST_STEP][PASSED] - navigateToUrl: Navigate to 'https://paytm.com/' successfully

2017-08-29 16:14:25 - [MESSAGE][PASSED] - Navigate to 'https://paytm.com/' successfully

2017-08-29 16:14:25 - [TEST_STEP][PASSED] - waitForPageLoad: Wait for page load successfully

2017-08-29 16:14:26 - [MESSAGE][PASSED] - Wait for page load successfully

2017-08-29 16:14:26 - [TEST_STEP][FAILED] - setText: Unable to set text '9884656456' of object 'Object Repository/Page_Paytm.com  Digital  Utility Pa/input' (Root cause: org.openqa.selenium.StaleElementReferenceException: stale element reference: element is not attached to the page document
  (Session info: chrome=60.0.3112.101)
  (Driver info: chromedriver=2.30.477700 (0057494ad8732195794a7b32078424f92a5fce41),platform=Windows NT 6.1.7601 SP1 x86_64) (WARNING: The server did not provide any stacktrace information)
Command duration or timeout: 916 milliseconds
For documentation on this error, please visit: http://seleniumhq.org/exceptions/stale_element_reference.html
Build info: version: '2.53.0', revision: '35ae25b', time: '2016-03-15 17:00:58'
System info: host: 'LTPBAN252219466', ip: '172.17.58.83', os.name: 'Windows 7', os.arch: 'amd64', os.version: '6.1', java.version: '1.8.0_102'
Driver info: com.kms.katalon.selenium.driver.CChromeDriver
Capabilities [{applicationCacheEnabled=false, rotatable=false, mobileEmulationEnabled=false, networkConnectionEnabled=false, chrome={chromedriverVersion=2.30.477700 (0057494ad8732195794a7b32078424f92a5fce41), userDataDir=C:\Users\PRATIU~1.PRA\AppData\Local\Temp\scoped_dir7368_8553}, takesHeapSnapshot=true, pageLoadStrategy=normal, databaseEnabled=false, handlesAlerts=true, hasTouchScreen=false, version=60.0.3112.101, platform=XP, browserConnectionEnabled=false, nativeEvents=true, acceptSslCerts=true, locationContextEnabled=true, webStorageEnabled=true, browserName=chrome, takesScreenshot=true, javascriptEnabled=true, cssSelectorsEnabled=true, unexpectedAlertBehaviour=}]
Session ID: f8278eac44244b0ade2242a540a4a9fb)

2017-08-29 16:14:27 - [MESSAGE][FAILED] - Unable to set text '9884656456' of object 'Object Repository/Page_Paytm.com  Digital  Utility Pa/input' (Root cause: org.openqa.selenium.StaleElementReferenceException: stale element reference: element is not attached to the page document
  (Session info: chrome=60.0.3112.101)
  (Driver info: chromedriver=2.30.477700 (0057494ad8732195794a7b32078424f92a5fce41),platform=Windows NT 6.1.7601 SP1 x86_64) (WARNING: The server did not provide any stacktrace information)
Command duration or timeout: 916 milliseconds
For documentation on this error, please visit: http://seleniumhq.org/exceptions/stale_element_reference.html
Build info: version: '2.53.0', revision: '35ae25b', time: '2016-03-15 17:00:58'
System info: host: 'LTPBAN252219466', ip: '172.17.58.83', os.name: 'Windows 7', os.arch: 'amd64', os.version: '6.1', java.version: '1.8.0_102'
Driver info: com.kms.katalon.selenium.driver.CChromeDriver
Capabilities [{applicationCacheEnabled=false, rotatable=false, mobileEmulationEnabled=false, networkConnectionEnabled=false, chrome={chromedriverVersion=2.30.477700 (0057494ad8732195794a7b32078424f92a5fce41), userDataDir=C:\Users\PRATIU~1.PRA\AppData\Local\Temp\scoped_dir7368_8553}, takesHeapSnapshot=true, pageLoadStrategy=normal, databaseEnabled=false, handlesAlerts=true, hasTouchScreen=false, version=60.0.3112.101, platform=XP, browserConnectionEnabled=false, nativeEvents=true, acceptSslCerts=true, locationContextEnabled=true, webStorageEnabled=true, browserName=chrome, takesScreenshot=true, javascriptEnabled=true, cssSelectorsEnabled=true, unexpectedAlertBehaviour=}]
Session ID: f8278eac44244b0ade2242a540a4a9fb)
[[ATTACHMENT|C:\\Users\\pratiush.pratik\\Katalon Studio\\TestDesktop\\Reports\\Datafile\\20170829_161146\\1504003467136.png]]]]></system-out>
         <system-err><![CDATA[2017-08-29 16:14:16 - [TEST_CASE][FAILED] - Test Cases/launch - Iteration 2: Test Cases/launch FAILED because (of) Unable to set text '9884656456' of object 'Object Repository/Page_Paytm.com  Digital  Utility Pa/input' (Root cause: org.openqa.selenium.StaleElementReferenceException: stale element reference: element is not attached to the page document
  (Session info: chrome=60.0.3112.101)
  (Driver info: chromedriver=2.30.477700 (0057494ad8732195794a7b32078424f92a5fce41),platform=Windows NT 6.1.7601 SP1 x86_64) (WARNING: The server did not provide any stacktrace information)
Command duration or timeout: 916 milliseconds
For documentation on this error, please visit: http://seleniumhq.org/exceptions/stale_element_reference.html
Build info: version: '2.53.0', revision: '35ae25b', time: '2016-03-15 17:00:58'
System info: host: 'LTPBAN252219466', ip: '172.17.58.83', os.name: 'Windows 7', os.arch: 'amd64', os.version: '6.1', java.version: '1.8.0_102'
Driver info: com.kms.katalon.selenium.driver.CChromeDriver
Capabilities [{applicationCacheEnabled=false, rotatable=false, mobileEmulationEnabled=false, networkConnectionEnabled=false, chrome={chromedriverVersion=2.30.477700 (0057494ad8732195794a7b32078424f92a5fce41), userDataDir=C:\Users\PRATIU~1.PRA\AppData\Local\Temp\scoped_dir7368_8553}, takesHeapSnapshot=true, pageLoadStrategy=normal, databaseEnabled=false, handlesAlerts=true, hasTouchScreen=false, version=60.0.3112.101, platform=XP, browserConnectionEnabled=false, nativeEvents=true, acceptSslCerts=true, locationContextEnabled=true, webStorageEnabled=true, browserName=chrome, takesScreenshot=true, javascriptEnabled=true, cssSelectorsEnabled=true, unexpectedAlertBehaviour=}]
Session ID: f8278eac44244b0ade2242a540a4a9fb)]]></system-err>
      </testcase>
      <system-out><![CDATA[2017-08-29 16:11:51 - [TEST_SUITE][FAILED] - Datafile: Test Cases/launch FAILED because (of) Unable to verify text 'Please enter an amount' is present  using regular expression (Root cause: Text 'Please enter an amount' is not present on page  using regular expression)]]></system-out>
      <system-err><![CDATA[2017-08-29 16:11:51 - [TEST_SUITE][FAILED] - Datafile: Test Cases/launch FAILED because (of) Unable to verify text 'Please enter an amount' is present  using regular expression (Root cause: Text 'Please enter an amount' is not present on page  using regular expression)]]></system-err>
   </testsuite>
</testsuites>
